#
# There is insufficient memory for the Java Runtime Environment to continue.
# Native memory allocation (malloc) failed to allocate 381056 bytes for Chunk::new
# Possible reasons:
#   The system is out of physical RAM or swap space
#   The process is running with CompressedOops enabled, and the Java Heap may be blocking the growth of the native heap
# Possible solutions:
#   Reduce memory load on the system
#   Increase physical memory or swap space
#   Check if swap backing store is full
#   Decrease Java heap size (-Xmx/-Xms)
#   Decrease number of Java threads
#   Decrease Java thread stack sizes (-Xss)
#   Set larger code cache with -XX:ReservedCodeCacheSize=
#   JVM is running with Unscaled Compressed Oops mode in which the Java heap is
#     placed in the first 4GB address space. The Java Heap base address is the
#     maximum limit for the native heap growth. Please use -XX:HeapBaseMinAddress
#     to set the Java Heap base and to place the Java Heap above 4GB virtual address.
# This output file may be truncated or incomplete.
#
#  Out of Memory Error (arena.cpp:189), pid=11924, tid=13248
#
# JRE version: OpenJDK Runtime Environment Temurin-17.0.1+12 (17.0.1+12) (build 17.0.1+12)
# Java VM: OpenJDK 64-Bit Server VM Temurin-17.0.1+12 (17.0.1+12, mixed mode, sharing, tiered, compressed oops, compressed class ptrs, g1 gc, windows-amd64)
# No core dump will be written. Minidumps are not enabled by default on client versions of Windows
#

---------------  S U M M A R Y ------------

Command Line: -XX:+ShowCodeDetailsInExceptionMessages com.example.zubarev.englishtraining.englishtraining.EnglishtrainingApplication

Host: Intel(R) Core(TM) i7-3520M CPU @ 2.90GHz, 4 cores, 3G,  Windows 10 , 64 bit Build 19041 (10.0.19041.1503)
Time: Tue Mar  8 00:49:30 2022  Windows 10 , 64 bit Build 19041 (10.0.19041.1503) elapsed time: 23.413908 seconds (0d 0h 0m 23s)

---------------  T H R E A D  ---------------

Current thread (0x00000295ec6a3150):  JavaThread "C2 CompilerThread0" daemon [_thread_in_native, id=13248, stack(0x000000ff79700000,0x000000ff79800000)]


Current CompileTask:
C2:  23414 2846       4       org.springframework.beans.factory.support.AbstractBeanFactory::isTypeMatch (607 bytes)

Stack: [0x000000ff79700000,0x000000ff79800000]
Native frames: (J=compiled Java code, j=interpreted, Vv=VM code, C=native code)
V  [jvm.dll+0x6744da]
V  [jvm.dll+0x82e144]
V  [jvm.dll+0x82f8ee]
V  [jvm.dll+0x82ff53]
V  [jvm.dll+0x245175]
V  [jvm.dll+0xab85b]
V  [jvm.dll+0xabdec]
V  [jvm.dll+0x2abf6f]
V  [jvm.dll+0x57b849]
V  [jvm.dll+0x22022d]
V  [jvm.dll+0x219711]
V  [jvm.dll+0x217345]
V  [jvm.dll+0x1a355d]
V  [jvm.dll+0x226e38]
V  [jvm.dll+0x224f7c]
V  [jvm.dll+0x7e3f5b]
V  [jvm.dll+0x7de51a]
V  [jvm.dll+0x673305]
C  [ucrtbase.dll+0x21bb2]
C  [KERNEL32.DLL+0x17034]
C  [ntdll.dll+0x52651]


---------------  P R O C E S S  ---------------

Threads class SMR info:
_java_thread_list=0x00000295ed8c7e20, length=14, elements={
0x00000295d1224210, 0x00000295ec6873a0, 0x00000295ec689700, 0x00000295ec69f690,
0x00000295ec6a0050, 0x00000295ec6a0a00, 0x00000295ec6a13b0, 0x00000295ec6a3150,
0x00000295ec6a4c00, 0x00000295ec6a5d90, 0x00000295ed14c1d0, 0x00000295ed158330,
0x00000295ed9d5560, 0x00000295ed85eb40
}

Java Threads: ( => current thread )
  0x00000295d1224210 JavaThread "main" [_thread_blocked, id=12088, stack(0x000000ff78a00000,0x000000ff78b00000)]
  0x00000295ec6873a0 JavaThread "Reference Handler" daemon [_thread_blocked, id=7284, stack(0x000000ff79100000,0x000000ff79200000)]
  0x00000295ec689700 JavaThread "Finalizer" daemon [_thread_blocked, id=5928, stack(0x000000ff79200000,0x000000ff79300000)]
  0x00000295ec69f690 JavaThread "Signal Dispatcher" daemon [_thread_blocked, id=11508, stack(0x000000ff79300000,0x000000ff79400000)]
  0x00000295ec6a0050 JavaThread "Attach Listener" daemon [_thread_blocked, id=13256, stack(0x000000ff79400000,0x000000ff79500000)]
  0x00000295ec6a0a00 JavaThread "Service Thread" daemon [_thread_blocked, id=12376, stack(0x000000ff79500000,0x000000ff79600000)]
  0x00000295ec6a13b0 JavaThread "Monitor Deflation Thread" daemon [_thread_blocked, id=4612, stack(0x000000ff79600000,0x000000ff79700000)]
=>0x00000295ec6a3150 JavaThread "C2 CompilerThread0" daemon [_thread_in_native, id=13248, stack(0x000000ff79700000,0x000000ff79800000)]
  0x00000295ec6a4c00 JavaThread "C1 CompilerThread0" daemon [_thread_blocked, id=12612, stack(0x000000ff79800000,0x000000ff79900000)]
  0x00000295ec6a5d90 JavaThread "Sweeper thread" daemon [_thread_blocked, id=10816, stack(0x000000ff79900000,0x000000ff79a00000)]
  0x00000295ed14c1d0 JavaThread "Notification Thread" daemon [_thread_blocked, id=13268, stack(0x000000ff79a00000,0x000000ff79b00000)]
  0x00000295ed158330 JavaThread "Common-Cleaner" daemon [_thread_blocked, id=11252, stack(0x000000ff79c00000,0x000000ff79d00000)]
  0x00000295ed9d5560 JavaThread "Thread-0" [_thread_blocked, id=3780, stack(0x000000ff7a100000,0x000000ff7a200000)]
  0x00000295ed85eb40 JavaThread "restartedMain" [_thread_in_native, id=13112, stack(0x000000ff7a200000,0x000000ff7a300000)]

Other Threads:
  0x00000295d12feb40 VMThread "VM Thread" [stack: 0x000000ff79000000,0x000000ff79100000] [id=13184]
  0x00000295ed1506b0 WatcherThread [stack: 0x000000ff79b00000,0x000000ff79c00000] [id=9740]
  0x00000295d12578f0 GCTaskThread "GC Thread#0" [stack: 0x000000ff78b00000,0x000000ff78c00000] [id=11432]
  0x00000295ed486350 GCTaskThread "GC Thread#1" [stack: 0x000000ff79d00000,0x000000ff79e00000] [id=4912]
  0x00000295ed9af0f0 GCTaskThread "GC Thread#2" [stack: 0x000000ff79e00000,0x000000ff79f00000] [id=11772]
  0x00000295ed9af3a0 GCTaskThread "GC Thread#3" [stack: 0x000000ff79f00000,0x000000ff7a000000] [id=9804]
  0x00000295d12614e0 ConcurrentGCThread "G1 Main Marker" [stack: 0x000000ff78c00000,0x000000ff78d00000] [id=12476]
  0x00000295d1262530 ConcurrentGCThread "G1 Conc#0" [stack: 0x000000ff78d00000,0x000000ff78e00000] [id=7664]
  0x00000295d12a19c0 ConcurrentGCThread "G1 Refine#0" [stack: 0x000000ff78e00000,0x000000ff78f00000] [id=13484]
  0x00000295ed98e130 ConcurrentGCThread "G1 Refine#1" [stack: 0x000000ff7a000000,0x000000ff7a100000] [id=7584]
  0x00000295d12a2280 ConcurrentGCThread "G1 Service" [stack: 0x000000ff78f00000,0x000000ff79000000] [id=5716]

Threads with active compile tasks:
C2 CompilerThread0    25585 2846       4       org.springframework.beans.factory.support.AbstractBeanFactory::isTypeMatch (607 bytes)

VM state: not at safepoint (normal execution)

VM Mutex/Monitor currently owned by a thread: None

Heap address: 0x00000000c1000000, size: 1008 MB, Compressed Oops mode: 32-bit

CDS archive(s) mapped at: [0x0000000800000000-0x0000000800bc0000-0x0000000800bc0000), size 12320768, SharedBaseAddress: 0x0000000800000000, ArchiveRelocationMode: 0.
Compressed class space mapped at: 0x0000000800c00000-0x0000000840c00000, reserved size: 1073741824
Narrow klass base: 0x0000000800000000, Narrow klass shift: 0, Narrow klass range: 0x100000000

GC Precious Log:
 CPUs: 4 total, 4 available
 Memory: 4027M
 Large Page Support: Disabled
 NUMA Support: Disabled
 Compressed Oops: Enabled (32-bit)
 Heap Region Size: 1M
 Heap Min Capacity: 8M
 Heap Initial Capacity: 64M
 Heap Max Capacity: 1008M
 Pre-touch: Disabled
 Parallel Workers: 4
 Concurrent Workers: 1
 Concurrent Refinement Workers: 4
 Periodic GC: Disabled

Heap:
 garbage-first heap   total 65536K, used 36119K [0x00000000c1000000, 0x0000000100000000)
  region size 1024K, 30 young (30720K), 3 survivors (3072K)
 Metaspace       used 20834K, committed 21120K, reserved 1073152K
  class space    used 2573K, committed 2688K, reserved 1048576K

Heap Regions: E=young(eden), S=young(survivor), O=old, HS=humongous(starts), HC=humongous(continues), CS=collection set, F=free, OA=open archive, CA=closed archive, TAMS=top-at-mark-start (previous, next)
|   0|0x00000000c1000000, 0x00000000c1100000, 0x00000000c1100000|100%|HS|  |TAMS 0x00000000c1000000, 0x00000000c1000000| Complete 
|   1|0x00000000c1100000, 0x00000000c1200000, 0x00000000c1200000|100%| O|  |TAMS 0x00000000c1100000, 0x00000000c1100000| Untracked 
|   2|0x00000000c1200000, 0x00000000c1300000, 0x00000000c1300000|100%| O|  |TAMS 0x00000000c1200000, 0x00000000c1200000| Untracked 
|   3|0x00000000c1300000, 0x00000000c1400000, 0x00000000c1400000|100%| O|  |TAMS 0x00000000c1300000, 0x00000000c1300000| Untracked 
|   4|0x00000000c1400000, 0x00000000c1500000, 0x00000000c1500000|100%| O|  |TAMS 0x00000000c1400000, 0x00000000c1400000| Untracked 
|   5|0x00000000c1500000, 0x00000000c1600000, 0x00000000c1600000|100%| O|  |TAMS 0x00000000c1500000, 0x00000000c1500000| Untracked 
|   6|0x00000000c1600000, 0x00000000c1700000, 0x00000000c1700000|100%| O|  |TAMS 0x00000000c1600000, 0x00000000c1600000| Untracked 
|   7|0x00000000c1700000, 0x00000000c17bf200, 0x00000000c1800000| 74%| O|  |TAMS 0x00000000c1700000, 0x00000000c1700000| Untracked 
|   8|0x00000000c1800000, 0x00000000c1800000, 0x00000000c1900000|  0%| F|  |TAMS 0x00000000c1800000, 0x00000000c1800000| Untracked 
|   9|0x00000000c1900000, 0x00000000c1900000, 0x00000000c1a00000|  0%| F|  |TAMS 0x00000000c1900000, 0x00000000c1900000| Untracked 
|  10|0x00000000c1a00000, 0x00000000c1a00000, 0x00000000c1b00000|  0%| F|  |TAMS 0x00000000c1a00000, 0x00000000c1a00000| Untracked 
|  11|0x00000000c1b00000, 0x00000000c1b00000, 0x00000000c1c00000|  0%| F|  |TAMS 0x00000000c1b00000, 0x00000000c1b00000| Untracked 
|  12|0x00000000c1c00000, 0x00000000c1c00000, 0x00000000c1d00000|  0%| F|  |TAMS 0x00000000c1c00000, 0x00000000c1c00000| Untracked 
|  13|0x00000000c1d00000, 0x00000000c1d00000, 0x00000000c1e00000|  0%| F|  |TAMS 0x00000000c1d00000, 0x00000000c1d00000| Untracked 
|  14|0x00000000c1e00000, 0x00000000c1e00000, 0x00000000c1f00000|  0%| F|  |TAMS 0x00000000c1e00000, 0x00000000c1e00000| Untracked 
|  15|0x00000000c1f00000, 0x00000000c1f00000, 0x00000000c2000000|  0%| F|  |TAMS 0x00000000c1f00000, 0x00000000c1f00000| Untracked 
|  16|0x00000000c2000000, 0x00000000c2000000, 0x00000000c2100000|  0%| F|  |TAMS 0x00000000c2000000, 0x00000000c2000000| Untracked 
|  17|0x00000000c2100000, 0x00000000c2100000, 0x00000000c2200000|  0%| F|  |TAMS 0x00000000c2100000, 0x00000000c2100000| Untracked 
|  18|0x00000000c2200000, 0x00000000c2200000, 0x00000000c2300000|  0%| F|  |TAMS 0x00000000c2200000, 0x00000000c2200000| Untracked 
|  19|0x00000000c2300000, 0x00000000c2300000, 0x00000000c2400000|  0%| F|  |TAMS 0x00000000c2300000, 0x00000000c2300000| Untracked 
|  20|0x00000000c2400000, 0x00000000c2400000, 0x00000000c2500000|  0%| F|  |TAMS 0x00000000c2400000, 0x00000000c2400000| Untracked 
|  21|0x00000000c2500000, 0x00000000c2500000, 0x00000000c2600000|  0%| F|  |TAMS 0x00000000c2500000, 0x00000000c2500000| Untracked 
|  22|0x00000000c2600000, 0x00000000c2600000, 0x00000000c2700000|  0%| F|  |TAMS 0x00000000c2600000, 0x00000000c2600000| Untracked 
|  23|0x00000000c2700000, 0x00000000c2700000, 0x00000000c2800000|  0%| F|  |TAMS 0x00000000c2700000, 0x00000000c2700000| Untracked 
|  24|0x00000000c2800000, 0x00000000c2800000, 0x00000000c2900000|  0%| F|  |TAMS 0x00000000c2800000, 0x00000000c2800000| Untracked 
|  25|0x00000000c2900000, 0x00000000c2986da0, 0x00000000c2a00000| 52%| S|CS|TAMS 0x00000000c2900000, 0x00000000c2900000| Complete 
|  26|0x00000000c2a00000, 0x00000000c2a00000, 0x00000000c2b00000|  0%| F|  |TAMS 0x00000000c2a00000, 0x00000000c2a00000| Untracked 
|  27|0x00000000c2b00000, 0x00000000c2b00000, 0x00000000c2c00000|  0%| F|  |TAMS 0x00000000c2b00000, 0x00000000c2b00000| Untracked 
|  28|0x00000000c2c00000, 0x00000000c2d00000, 0x00000000c2d00000|100%| S|CS|TAMS 0x00000000c2c00000, 0x00000000c2c00000| Complete 
|  29|0x00000000c2d00000, 0x00000000c2e00000, 0x00000000c2e00000|100%| S|CS|TAMS 0x00000000c2d00000, 0x00000000c2d00000| Complete 
|  30|0x00000000c2e00000, 0x00000000c2e00000, 0x00000000c2f00000|  0%| F|  |TAMS 0x00000000c2e00000, 0x00000000c2e00000| Untracked 
|  31|0x00000000c2f00000, 0x00000000c2f00000, 0x00000000c3000000|  0%| F|  |TAMS 0x00000000c2f00000, 0x00000000c2f00000| Untracked 
|  32|0x00000000c3000000, 0x00000000c3000000, 0x00000000c3100000|  0%| F|  |TAMS 0x00000000c3000000, 0x00000000c3000000| Untracked 
|  33|0x00000000c3100000, 0x00000000c3100000, 0x00000000c3200000|  0%| F|  |TAMS 0x00000000c3100000, 0x00000000c3100000| Untracked 
|  34|0x00000000c3200000, 0x00000000c3200000, 0x00000000c3300000|  0%| F|  |TAMS 0x00000000c3200000, 0x00000000c3200000| Untracked 
|  35|0x00000000c3300000, 0x00000000c3300000, 0x00000000c3400000|  0%| F|  |TAMS 0x00000000c3300000, 0x00000000c3300000| Untracked 
|  36|0x00000000c3400000, 0x00000000c3400000, 0x00000000c3500000|  0%| F|  |TAMS 0x00000000c3400000, 0x00000000c3400000| Untracked 
|  37|0x00000000c3500000, 0x00000000c3600000, 0x00000000c3600000|100%| E|  |TAMS 0x00000000c3500000, 0x00000000c3500000| Complete 
|  38|0x00000000c3600000, 0x00000000c3700000, 0x00000000c3700000|100%| E|CS|TAMS 0x00000000c3600000, 0x00000000c3600000| Complete 
|  39|0x00000000c3700000, 0x00000000c3800000, 0x00000000c3800000|100%| E|CS|TAMS 0x00000000c3700000, 0x00000000c3700000| Complete 
|  40|0x00000000c3800000, 0x00000000c3900000, 0x00000000c3900000|100%| E|CS|TAMS 0x00000000c3800000, 0x00000000c3800000| Complete 
|  41|0x00000000c3900000, 0x00000000c3a00000, 0x00000000c3a00000|100%| E|CS|TAMS 0x00000000c3900000, 0x00000000c3900000| Complete 
|  42|0x00000000c3a00000, 0x00000000c3b00000, 0x00000000c3b00000|100%| E|CS|TAMS 0x00000000c3a00000, 0x00000000c3a00000| Complete 
|  43|0x00000000c3b00000, 0x00000000c3c00000, 0x00000000c3c00000|100%| E|CS|TAMS 0x00000000c3b00000, 0x00000000c3b00000| Complete 
|  44|0x00000000c3c00000, 0x00000000c3d00000, 0x00000000c3d00000|100%| E|CS|TAMS 0x00000000c3c00000, 0x00000000c3c00000| Complete 
|  45|0x00000000c3d00000, 0x00000000c3e00000, 0x00000000c3e00000|100%| E|CS|TAMS 0x00000000c3d00000, 0x00000000c3d00000| Complete 
|  46|0x00000000c3e00000, 0x00000000c3f00000, 0x00000000c3f00000|100%| E|CS|TAMS 0x00000000c3e00000, 0x00000000c3e00000| Complete 
|  47|0x00000000c3f00000, 0x00000000c4000000, 0x00000000c4000000|100%| E|CS|TAMS 0x00000000c3f00000, 0x00000000c3f00000| Complete 
|  48|0x00000000c4000000, 0x00000000c4100000, 0x00000000c4100000|100%| E|CS|TAMS 0x00000000c4000000, 0x00000000c4000000| Complete 
|  49|0x00000000c4100000, 0x00000000c4200000, 0x00000000c4200000|100%| E|CS|TAMS 0x00000000c4100000, 0x00000000c4100000| Complete 
|  50|0x00000000c4200000, 0x00000000c4300000, 0x00000000c4300000|100%| E|CS|TAMS 0x00000000c4200000, 0x00000000c4200000| Complete 
|  51|0x00000000c4300000, 0x00000000c4400000, 0x00000000c4400000|100%| E|CS|TAMS 0x00000000c4300000, 0x00000000c4300000| Complete 
|  52|0x00000000c4400000, 0x00000000c4500000, 0x00000000c4500000|100%| E|CS|TAMS 0x00000000c4400000, 0x00000000c4400000| Complete 
|  53|0x00000000c4500000, 0x00000000c4600000, 0x00000000c4600000|100%| E|CS|TAMS 0x00000000c4500000, 0x00000000c4500000| Complete 
|  54|0x00000000c4600000, 0x00000000c4700000, 0x00000000c4700000|100%| E|CS|TAMS 0x00000000c4600000, 0x00000000c4600000| Complete 
|  55|0x00000000c4700000, 0x00000000c4800000, 0x00000000c4800000|100%| E|  |TAMS 0x00000000c4700000, 0x00000000c4700000| Complete 
|  56|0x00000000c4800000, 0x00000000c4900000, 0x00000000c4900000|100%| E|CS|TAMS 0x00000000c4800000, 0x00000000c4800000| Complete 
|  57|0x00000000c4900000, 0x00000000c4a00000, 0x00000000c4a00000|100%| E|CS|TAMS 0x00000000c4900000, 0x00000000c4900000| Complete 
|  58|0x00000000c4a00000, 0x00000000c4b00000, 0x00000000c4b00000|100%| E|CS|TAMS 0x00000000c4a00000, 0x00000000c4a00000| Complete 
|  59|0x00000000c4b00000, 0x00000000c4c00000, 0x00000000c4c00000|100%| E|CS|TAMS 0x00000000c4b00000, 0x00000000c4b00000| Complete 
|  60|0x00000000c4c00000, 0x00000000c4d00000, 0x00000000c4d00000|100%| E|CS|TAMS 0x00000000c4c00000, 0x00000000c4c00000| Complete 
|  61|0x00000000c4d00000, 0x00000000c4e00000, 0x00000000c4e00000|100%| E|CS|TAMS 0x00000000c4d00000, 0x00000000c4d00000| Complete 
|  62|0x00000000c4e00000, 0x00000000c4f00000, 0x00000000c4f00000|100%| E|CS|TAMS 0x00000000c4e00000, 0x00000000c4e00000| Complete 
|  63|0x00000000c4f00000, 0x00000000c5000000, 0x00000000c5000000|100%| E|CS|TAMS 0x00000000c4f00000, 0x00000000c4f00000| Complete 

Card table byte_map: [0x00000295e7ef0000,0x00000295e80f0000] _byte_map_base: 0x00000295e78e8000

Marking Bits (Prev, Next): (CMBitMap*) 0x00000295d1258db0, (CMBitMap*) 0x00000295d1258df0
 Prev Bits: [0x00000295e82f0000, 0x00000295e92b0000)
 Next Bits: [0x00000295e92b0000, 0x00000295ea270000)

Polling page: 0x00000295cf1b0000

Metaspace:

Usage:
  Non-class:     17.85 MB used.
      Class:      2.52 MB used.
       Both:     20.37 MB used.

Virtual space:
  Non-class space:       24.00 MB reserved,      18.00 MB ( 75%) committed,  3 nodes.
      Class space:        1.00 GB reserved,       2.62 MB ( <1%) committed,  1 nodes.
             Both:        1.02 GB reserved,      20.62 MB (  2%) committed. 

Chunk freelists:
   Non-Class:  1.33 MB
       Class:  1.34 MB
        Both:  2.67 MB

MaxMetaspaceSize: unlimited
CompressedClassSpaceSize: 1.00 GB
Initial GC threshold: 21.00 MB
Current GC threshold: 21.00 MB
CDS: on
MetaspaceReclaimPolicy: balanced
 - commit_granule_bytes: 65536.
 - commit_granule_words: 8192.
 - virtual_space_node_default_size: 1048576.
 - enlarge_chunks_in_place: 1.
 - new_chunks_are_fully_committed: 0.
 - uncommit_free_chunks: 1.
 - use_allocation_guard: 0.
 - handle_deallocations: 1.


Internal statistics:

num_allocs_failed_limit: 0.
num_arena_births: 220.
num_arena_deaths: 0.
num_vsnodes_births: 4.
num_vsnodes_deaths: 0.
num_space_committed: 330.
num_space_uncommitted: 0.
num_chunks_returned_to_freelist: 0.
num_chunks_taken_from_freelist: 960.
num_chunk_merges: 0.
num_chunk_splits: 649.
num_chunks_enlarged: 501.
num_purges: 0.
num_inconsistent_stats: 0.

CodeHeap 'non-profiled nmethods': size=120000Kb used=1166Kb max_used=1166Kb free=118833Kb
 bounds [0x00000295e07c0000, 0x00000295e0a30000, 0x00000295e7cf0000]
CodeHeap 'profiled nmethods': size=120000Kb used=6438Kb max_used=6438Kb free=113561Kb
 bounds [0x00000295d9290000, 0x00000295d98e0000, 0x00000295e07c0000]
CodeHeap 'non-nmethods': size=5760Kb used=1179Kb max_used=1217Kb free=4580Kb
 bounds [0x00000295d8cf0000, 0x00000295d8f60000, 0x00000295d9290000]
 total_blobs=3462 nmethods=2992 adapters=381
 compilation: enabled
              stopped_count=0, restarted_count=0
 full_count=0

Compilation events (20 events):
Event: 23.147 Thread 0x00000295ec6a4c00 2867       3       org.springframework.core.ResolvableType::isInstance (21 bytes)
Event: 23.148 Thread 0x00000295ec6a4c00 nmethod 2867 0x00000295d9881e90 code [0x00000295d9882040, 0x00000295d98822c8]
Event: 23.148 Thread 0x00000295ec6a4c00 2868       3       org.springframework.core.annotation.TypeMappedAnnotation::asMap (14 bytes)
Event: 23.148 Thread 0x00000295ec6a4c00 nmethod 2868 0x00000295d9882390 code [0x00000295d98825a0, 0x00000295d9882bf8]
Event: 23.148 Thread 0x00000295ec6a4c00 2869       3       org.springframework.core.annotation.TypeMappedAnnotation$$Lambda$327/0x0000000800e10470::apply (8 bytes)
Event: 23.149 Thread 0x00000295ec6a4c00 nmethod 2869 0x00000295d9882e10 code [0x00000295d9882fe0, 0x00000295d9883458]
Event: 23.149 Thread 0x00000295ec6a4c00 2870       3       org.springframework.core.annotation.TypeMappedAnnotation::lambda$asMap$3 (8 bytes)
Event: 23.149 Thread 0x00000295ec6a4c00 nmethod 2870 0x00000295d9883610 code [0x00000295d98837c0, 0x00000295d9883a98]
Event: 23.150 Thread 0x00000295ec6a4c00 2871       3       java.util.concurrent.CopyOnWriteArraySet::<init> (16 bytes)
Event: 23.150 Thread 0x00000295ec6a4c00 nmethod 2871 0x00000295d9883c10 code [0x00000295d9883de0, 0x00000295d98843b8]
Event: 23.150 Thread 0x00000295ec6a4c00 2872       3       org.springframework.beans.factory.support.MethodOverrides::<init> (16 bytes)
Event: 23.151 Thread 0x00000295ec6a4c00 nmethod 2872 0x00000295d9884590 code [0x00000295d9884780, 0x00000295d9884ed8]
Event: 23.153 Thread 0x00000295ec6a4c00 2873       3       org.springframework.core.MethodParameter::getMethod (22 bytes)
Event: 23.153 Thread 0x00000295ec6a4c00 nmethod 2873 0x00000295d9885110 code [0x00000295d98852c0, 0x00000295d9885638]
Event: 23.157 Thread 0x00000295ec6a4c00 2874       3       org.springframework.core.AttributeAccessorSupport::copyAttributesFrom (56 bytes)
Event: 23.158 Thread 0x00000295ec6a4c00 nmethod 2874 0x00000295d9885710 code [0x00000295d98859a0, 0x00000295d9886988]
Event: 23.158 Thread 0x00000295ec6a4c00 2876       3       java.lang.Class::copyMethods (36 bytes)
Event: 23.159 Thread 0x00000295ec6a4c00 nmethod 2876 0x00000295d9886f10 code [0x00000295d9887160, 0x00000295d9887c08]
Event: 23.159 Thread 0x00000295ec6a4c00 2875       3       org.springframework.core.AttributeAccessorSupport::attributeNames (13 bytes)
Event: 23.160 Thread 0x00000295ec6a4c00 nmethod 2875 0x00000295d9888090 code [0x00000295d9888280, 0x00000295d98888c8]

GC Heap History (12 events):
Event: 3.824 GC heap before
{Heap before GC invocations=0 (full 0):
 garbage-first heap   total 65536K, used 14336K [0x00000000c1000000, 0x0000000100000000)
  region size 1024K, 13 young (13312K), 0 survivors (0K)
 Metaspace       used 2578K, committed 2688K, reserved 1056768K
  class space    used 250K, committed 320K, reserved 1048576K
}
Event: 3.830 GC heap after
{Heap after GC invocations=1 (full 0):
 garbage-first heap   total 65536K, used 5968K [0x00000000c1000000, 0x0000000100000000)
  region size 1024K, 2 young (2048K), 2 survivors (2048K)
 Metaspace       used 2578K, committed 2688K, reserved 1056768K
  class space    used 250K, committed 320K, reserved 1048576K
}
Event: 6.754 GC heap before
{Heap before GC invocations=1 (full 0):
 garbage-first heap   total 65536K, used 16208K [0x00000000c1000000, 0x0000000100000000)
  region size 1024K, 13 young (13312K), 2 survivors (2048K)
 Metaspace       used 4146K, committed 4352K, reserved 1056768K
  class space    used 443K, committed 576K, reserved 1048576K
}
Event: 6.759 GC heap after
{Heap after GC invocations=2 (full 0):
 garbage-first heap   total 65536K, used 6588K [0x00000000c1000000, 0x0000000100000000)
  region size 1024K, 1 young (1024K), 1 survivors (1024K)
 Metaspace       used 4146K, committed 4352K, reserved 1056768K
  class space    used 443K, committed 576K, reserved 1048576K
}
Event: 6.771 GC heap before
{Heap before GC invocations=2 (full 0):
 garbage-first heap   total 65536K, used 27068K [0x00000000c1000000, 0x0000000100000000)
  region size 1024K, 22 young (22528K), 1 survivors (1024K)
 Metaspace       used 4146K, committed 4352K, reserved 1056768K
  class space    used 443K, committed 576K, reserved 1048576K
}
Event: 6.773 GC heap after
{Heap after GC invocations=3 (full 0):
 garbage-first heap   total 65536K, used 6487K [0x00000000c1000000, 0x0000000100000000)
  region size 1024K, 1 young (1024K), 1 survivors (1024K)
 Metaspace       used 4146K, committed 4352K, reserved 1056768K
  class space    used 443K, committed 576K, reserved 1048576K
}
Event: 16.068 GC heap before
{Heap before GC invocations=3 (full 0):
 garbage-first heap   total 65536K, used 43351K [0x00000000c1000000, 0x0000000100000000)
  region size 1024K, 38 young (38912K), 1 survivors (1024K)
 Metaspace       used 10471K, committed 10688K, reserved 1064960K
  class space    used 1279K, committed 1408K, reserved 1048576K
}
Event: 16.071 GC heap after
{Heap after GC invocations=4 (full 0):
 garbage-first heap   total 65536K, used 8011K [0x00000000c1000000, 0x0000000100000000)
  region size 1024K, 2 young (2048K), 2 survivors (2048K)
 Metaspace       used 10471K, committed 10688K, reserved 1064960K
  class space    used 1279K, committed 1408K, reserved 1048576K
}
Event: 18.573 GC heap before
{Heap before GC invocations=4 (full 0):
 garbage-first heap   total 65536K, used 43851K [0x00000000c1000000, 0x0000000100000000)
  region size 1024K, 38 young (38912K), 2 survivors (2048K)
 Metaspace       used 15395K, committed 15616K, reserved 1064960K
  class space    used 1894K, committed 1984K, reserved 1048576K
}
Event: 18.577 GC heap after
{Heap after GC invocations=5 (full 0):
 garbage-first heap   total 65536K, used 9366K [0x00000000c1000000, 0x0000000100000000)
  region size 1024K, 4 young (4096K), 4 survivors (4096K)
 Metaspace       used 15395K, committed 15616K, reserved 1064960K
  class space    used 1894K, committed 1984K, reserved 1048576K
}
Event: 20.996 GC heap before
{Heap before GC invocations=5 (full 0):
 garbage-first heap   total 65536K, used 43158K [0x00000000c1000000, 0x0000000100000000)
  region size 1024K, 38 young (38912K), 4 survivors (4096K)
 Metaspace       used 16984K, committed 17216K, reserved 1064960K
  class space    used 2054K, committed 2176K, reserved 1048576K
}
Event: 21.000 GC heap after
{Heap after GC invocations=6 (full 0):
 garbage-first heap   total 65536K, used 10519K [0x00000000c1000000, 0x0000000100000000)
  region size 1024K, 3 young (3072K), 3 survivors (3072K)
 Metaspace       used 16984K, committed 17216K, reserved 1064960K
  class space    used 2054K, committed 2176K, reserved 1048576K
}

Deoptimization events (20 events):
Event: 22.869 Thread 0x00000295ed85eb40 Uncommon trap: trap_request=0xffffffde fr.pc=0x00000295e08b5454 relative=0x00000000000007d4
Event: 22.869 Thread 0x00000295ed85eb40 Uncommon trap: reason=class_check action=maybe_recompile pc=0x00000295e08b5454 method=org.springframework.util.ConcurrentReferenceHashMap$Segment.findInChain(Lorg/springframework/util/ConcurrentReferenceHashMap$Reference;Ljava/lang/Object;I)Lorg/springfra
Event: 22.869 Thread 0x00000295ed85eb40 DEOPT PACKING pc=0x00000295e08b5454 sp=0x000000ff7a2fde10
Event: 22.869 Thread 0x00000295ed85eb40 DEOPT UNPACKING pc=0x00000295d8d423a3 sp=0x000000ff7a2fdc48 mode 2
Event: 22.987 Thread 0x00000295ed85eb40 Uncommon trap: trap_request=0xffffffde fr.pc=0x00000295e08b5454 relative=0x00000000000007d4
Event: 22.987 Thread 0x00000295ed85eb40 Uncommon trap: reason=class_check action=maybe_recompile pc=0x00000295e08b5454 method=org.springframework.util.ConcurrentReferenceHashMap$Segment.findInChain(Lorg/springframework/util/ConcurrentReferenceHashMap$Reference;Ljava/lang/Object;I)Lorg/springfra
Event: 22.987 Thread 0x00000295ed85eb40 DEOPT PACKING pc=0x00000295e08b5454 sp=0x000000ff7a2fdda0
Event: 22.987 Thread 0x00000295ed85eb40 DEOPT UNPACKING pc=0x00000295d8d423a3 sp=0x000000ff7a2fdbd8 mode 2
Event: 22.988 Thread 0x00000295ed85eb40 Uncommon trap: trap_request=0xffffffde fr.pc=0x00000295e08b2a80 relative=0x00000000000001c0
Event: 22.988 Thread 0x00000295ed85eb40 Uncommon trap: reason=class_check action=maybe_recompile pc=0x00000295e08b2a80 method=org.springframework.util.ConcurrentReferenceHashMap$Segment.findInChain(Lorg/springframework/util/ConcurrentReferenceHashMap$Reference;Ljava/lang/Object;I)Lorg/springfra
Event: 22.988 Thread 0x00000295ed85eb40 DEOPT PACKING pc=0x00000295e08b2a80 sp=0x000000ff7a2fdb00
Event: 22.988 Thread 0x00000295ed85eb40 DEOPT UNPACKING pc=0x00000295d8d423a3 sp=0x000000ff7a2fdac8 mode 2
Event: 22.988 Thread 0x00000295ed85eb40 Uncommon trap: trap_request=0xffffffde fr.pc=0x00000295e08b5454 relative=0x00000000000007d4
Event: 22.988 Thread 0x00000295ed85eb40 Uncommon trap: reason=class_check action=maybe_recompile pc=0x00000295e08b5454 method=org.springframework.util.ConcurrentReferenceHashMap$Segment.findInChain(Lorg/springframework/util/ConcurrentReferenceHashMap$Reference;Ljava/lang/Object;I)Lorg/springfra
Event: 22.988 Thread 0x00000295ed85eb40 DEOPT PACKING pc=0x00000295e08b5454 sp=0x000000ff7a2fde10
Event: 22.988 Thread 0x00000295ed85eb40 DEOPT UNPACKING pc=0x00000295d8d423a3 sp=0x000000ff7a2fdc48 mode 2
Event: 22.991 Thread 0x00000295ed85eb40 Uncommon trap: trap_request=0xffffffde fr.pc=0x00000295e08b2a80 relative=0x00000000000001c0
Event: 22.991 Thread 0x00000295ed85eb40 Uncommon trap: reason=class_check action=maybe_recompile pc=0x00000295e08b2a80 method=org.springframework.util.ConcurrentReferenceHashMap$Segment.findInChain(Lorg/springframework/util/ConcurrentReferenceHashMap$Reference;Ljava/lang/Object;I)Lorg/springfra
Event: 22.991 Thread 0x00000295ed85eb40 DEOPT PACKING pc=0x00000295e08b2a80 sp=0x000000ff7a2fdc80
Event: 22.991 Thread 0x00000295ed85eb40 DEOPT UNPACKING pc=0x00000295d8d423a3 sp=0x000000ff7a2fdc28 mode 2

Classes unloaded (0 events):
No events

Classes redefined (0 events):
No events

Internal exceptions (20 events):
Event: 16.928 Thread 0x00000295ed85eb40 Exception <a 'java/lang/ClassNotFoundException'{0x00000000c458eb88}: java/lang/ObjectCustomizer> (0x00000000c458eb88) 
thrown [e:\jenkins\tmp\workspace\build\src\src\hotspot\share\classfile\systemDictionary.cpp, line 256]
Event: 17.005 Thread 0x00000295ed85eb40 Exception <a 'java/lang/IncompatibleClassChangeError'{0x00000000c4593a28}: Found class java.lang.Object, but interface was expected> (0x00000000c4593a28) 
thrown [e:\jenkins\tmp\workspace\build\src\src\hotspot\share\interpreter\linkResolver.cpp, line 833]
Event: 17.096 Thread 0x00000295ed85eb40 Exception <a 'java/lang/ClassNotFoundException'{0x00000000c4211570}: org/springframework/context/annotation/ConfigurationClassPostProcessorCustomizer> (0x00000000c4211570) 
thrown [e:\jenkins\tmp\workspace\build\src\src\hotspot\share\classfile\systemDictionary.cpp, line 256]
Event: 17.167 Thread 0x00000295ed85eb40 Exception <a 'java/lang/ClassNotFoundException'{0x00000000c4230c10}: org/springframework/beans/factory/support/BeanDefinitionRegistryPostProcessorCustomizer> (0x00000000c4230c10) 
thrown [e:\jenkins\tmp\workspace\build\src\src\hotspot\share\classfile\systemDictionary.cpp, line 256]
Event: 17.168 Thread 0x00000295ed85eb40 Exception <a 'java/lang/ClassNotFoundException'{0x00000000c4236928}: org/springframework/beans/factory/config/BeanFactoryPostProcessorCustomizer> (0x00000000c4236928) 
thrown [e:\jenkins\tmp\workspace\build\src\src\hotspot\share\classfile\systemDictionary.cpp, line 256]
Event: 17.169 Thread 0x00000295ed85eb40 Exception <a 'java/lang/ClassNotFoundException'{0x00000000c423c308}: org/springframework/core/PriorityOrderedCustomizer> (0x00000000c423c308) 
thrown [e:\jenkins\tmp\workspace\build\src\src\hotspot\share\classfile\systemDictionary.cpp, line 256]
Event: 17.169 Thread 0x00000295ed85eb40 Exception <a 'java/lang/ClassNotFoundException'{0x00000000c42408e8}: org/springframework/core/OrderedCustomizer> (0x00000000c42408e8) 
thrown [e:\jenkins\tmp\workspace\build\src\src\hotspot\share\classfile\systemDictionary.cpp, line 256]
Event: 17.170 Thread 0x00000295ed85eb40 Exception <a 'java/lang/ClassNotFoundException'{0x00000000c42461b0}: org/springframework/context/ResourceLoaderAwareCustomizer> (0x00000000c42461b0) 
thrown [e:\jenkins\tmp\workspace\build\src\src\hotspot\share\classfile\systemDictionary.cpp, line 256]
Event: 17.170 Thread 0x00000295ed85eb40 Exception <a 'java/lang/ClassNotFoundException'{0x00000000c424bb88}: org/springframework/beans/factory/AwareCustomizer> (0x00000000c424bb88) 
thrown [e:\jenkins\tmp\workspace\build\src\src\hotspot\share\classfile\systemDictionary.cpp, line 256]
Event: 17.171 Thread 0x00000295ed85eb40 Exception <a 'java/lang/ClassNotFoundException'{0x00000000c42505b8}: org/springframework/context/ApplicationStartupAwareCustomizer> (0x00000000c42505b8) 
thrown [e:\jenkins\tmp\workspace\build\src\src\hotspot\share\classfile\systemDictionary.cpp, line 256]
Event: 17.171 Thread 0x00000295ed85eb40 Exception <a 'java/lang/ClassNotFoundException'{0x00000000c4256218}: org/springframework/beans/factory/AwareCustomizer> (0x00000000c4256218) 
thrown [e:\jenkins\tmp\workspace\build\src\src\hotspot\share\classfile\systemDictionary.cpp, line 256]
Event: 17.172 Thread 0x00000295ed85eb40 Exception <a 'java/lang/ClassNotFoundException'{0x00000000c42a2290}: org/springframework/beans/factory/BeanClassLoaderAwareCustomizer> (0x00000000c42a2290) 
thrown [e:\jenkins\tmp\workspace\build\src\src\hotspot\share\classfile\systemDictionary.cpp, line 256]
Event: 17.173 Thread 0x00000295ed85eb40 Exception <a 'java/lang/ClassNotFoundException'{0x00000000c42a7c50}: org/springframework/beans/factory/AwareCustomizer> (0x00000000c42a7c50) 
thrown [e:\jenkins\tmp\workspace\build\src\src\hotspot\share\classfile\systemDictionary.cpp, line 256]
Event: 17.173 Thread 0x00000295ed85eb40 Exception <a 'java/lang/ClassNotFoundException'{0x00000000c42ac440}: org/springframework/context/EnvironmentAwareCustomizer> (0x00000000c42ac440) 
thrown [e:\jenkins\tmp\workspace\build\src\src\hotspot\share\classfile\systemDictionary.cpp, line 256]
Event: 17.174 Thread 0x00000295ed85eb40 Exception <a 'java/lang/ClassNotFoundException'{0x00000000c42b1d98}: org/springframework/beans/factory/AwareCustomizer> (0x00000000c42b1d98) 
thrown [e:\jenkins\tmp\workspace\build\src\src\hotspot\share\classfile\systemDictionary.cpp, line 256]
Event: 17.355 Thread 0x00000295ed85eb40 Exception <a 'java/lang/NoSuchMethodError'{0x00000000c41e21f8}: 'java.lang.Object java.lang.invoke.DirectMethodHandle$Holder.invokeVirtual(java.lang.Object, java.lang.Object, java.lang.Object)'> (0x00000000c41e21f8) 
thrown [e:\jenkins\tmp\workspace\build\src\src\hotspot\share\interpreter\linkResolver.cpp, line 766]
Event: 19.670 Thread 0x00000295ed85eb40 Exception <a 'java/lang/IncompatibleClassChangeError'{0x00000000c3890fe0}: Found class java.lang.Object, but interface was expected> (0x00000000c3890fe0) 
thrown [e:\jenkins\tmp\workspace\build\src\src\hotspot\share\interpreter\linkResolver.cpp, line 833]
Event: 19.751 Thread 0x00000295ed85eb40 Exception <a 'java/lang/NoSuchMethodError'{0x00000000c3640ae8}: 'void java.lang.invoke.DirectMethodHandle$Holder.invokeInterface(java.lang.Object, java.lang.Object, java.lang.Object, java.lang.Object)'> (0x00000000c3640ae8) 
thrown [e:\jenkins\tmp\workspace\build\src\src\hotspot\share\interpreter\linkResolver.cpp, line 766]
Event: 22.912 Thread 0x00000295ed85eb40 Exception <a 'java/lang/NoSuchMethodError'{0x00000000c403d738}: 'java.lang.Object java.lang.invoke.DirectMethodHandle$Holder.invokeStatic(java.lang.Object, java.lang.Object, java.lang.Object, java.lang.Object, int)'> (0x00000000c403d738) 
thrown [e:\jenkins\tmp\workspace\build\src\src\hotspot\share\interpreter\linkResolver.cpp, line 766]
Event: 23.039 Thread 0x00000295ed85eb40 Exception <a 'java/lang/NoSuchMethodError'{0x00000000c3f9f400}: 'java.lang.Object java.lang.invoke.DirectMethodHandle$Holder.invokeSpecialIFC(java.lang.Object, java.lang.Object, java.lang.Object)'> (0x00000000c3f9f400) 
thrown [e:\jenkins\tmp\workspace\build\src\src\hotspot\share\interpreter\linkResolver.cpp, line 766]

VM Operations (20 events):
Event: 17.312 Executing VM operation: Cleanup
Event: 17.312 Executing VM operation: Cleanup done
Event: 18.316 Executing VM operation: Cleanup
Event: 18.316 Executing VM operation: Cleanup done
Event: 18.573 Executing VM operation: G1CollectForAllocation
Event: 18.577 Executing VM operation: G1CollectForAllocation done
Event: 20.581 Executing VM operation: Cleanup
Event: 20.581 Executing VM operation: Cleanup done
Event: 20.995 Executing VM operation: G1CollectForAllocation
Event: 21.000 Executing VM operation: G1CollectForAllocation done
Event: 21.443 Executing VM operation: HandshakeAllThreads
Event: 21.443 Executing VM operation: HandshakeAllThreads done
Event: 22.455 Executing VM operation: Cleanup
Event: 22.455 Executing VM operation: Cleanup done
Event: 22.808 Executing VM operation: HandshakeAllThreads
Event: 22.808 Executing VM operation: HandshakeAllThreads done
Event: 22.866 Executing VM operation: HandshakeAllThreads
Event: 22.866 Executing VM operation: HandshakeAllThreads done
Event: 23.090 Executing VM operation: HandshakeAllThreads
Event: 23.090 Executing VM operation: HandshakeAllThreads done

Events (20 events):
Event: 22.415 loading class java/lang/UnsupportedClassVersionError
Event: 22.418 loading class java/lang/ClassFormatError
Event: 22.419 loading class java/lang/ClassFormatError done
Event: 22.419 loading class java/lang/UnsupportedClassVersionError done
Event: 22.879 loading class java/util/stream/Streams$RangeIntSpliterator
Event: 22.911 loading class java/util/stream/Streams$RangeIntSpliterator done
Event: 22.913 loading class java/util/stream/IntPipeline$1
Event: 22.931 loading class java/util/stream/IntPipeline$1 done
Event: 22.931 loading class java/util/stream/IntPipeline$1$1
Event: 22.931 loading class java/util/stream/IntPipeline$1$1 done
Event: 22.963 loading class java/util/stream/Streams$ConcatSpliterator$OfRef
Event: 22.978 loading class java/util/stream/Streams$ConcatSpliterator
Event: 22.979 loading class java/util/stream/Streams$ConcatSpliterator done
Event: 22.979 loading class java/util/stream/Streams$ConcatSpliterator$OfRef done
Event: 22.979 loading class java/util/stream/Streams$2
Event: 22.984 loading class java/util/stream/Streams$2 done
Event: 23.080 loading class java/util/stream/ReferencePipeline$15
Event: 23.087 loading class java/util/stream/ReferencePipeline$15 done
Event: 23.088 loading class java/util/stream/ReferencePipeline$15$1
Event: 23.088 loading class java/util/stream/ReferencePipeline$15$1 done


Dynamic libraries:
0x00007ff73da00000 - 0x00007ff73da0e000 	C:\Program Files\Eclipse Adoptium\jdk-17.0.1.12-hotspot\bin\java.exe
0x00007ffe0a6f0000 - 0x00007ffe0a8e5000 	C:\WINDOWS\SYSTEM32\ntdll.dll
0x00007ffe09f50000 - 0x00007ffe0a00e000 	C:\WINDOWS\System32\KERNEL32.DLL
0x00007ffe07f00000 - 0x00007ffe081c8000 	C:\WINDOWS\System32\KERNELBASE.dll
0x00007ffe07e00000 - 0x00007ffe07f00000 	C:\WINDOWS\System32\ucrtbase.dll
0x00007ffe03630000 - 0x00007ffe03649000 	C:\Program Files\Eclipse Adoptium\jdk-17.0.1.12-hotspot\bin\VCRUNTIME140.dll
0x00007ffe035f0000 - 0x00007ffe03608000 	C:\Program Files\Eclipse Adoptium\jdk-17.0.1.12-hotspot\bin\jli.dll
0x00007ffe09bf0000 - 0x00007ffe09d90000 	C:\WINDOWS\System32\USER32.dll
0x00007ffe08670000 - 0x00007ffe08692000 	C:\WINDOWS\System32\win32u.dll
0x00007ffe099b0000 - 0x00007ffe099db000 	C:\WINDOWS\System32\GDI32.dll
0x00007ffde77d0000 - 0x00007ffde7a6a000 	C:\WINDOWS\WinSxS\amd64_microsoft.windows.common-controls_6595b64144ccf1df_6.0.19041.1110_none_60b5254171f9507e\COMCTL32.dll
0x00007ffe084d0000 - 0x00007ffe085dd000 	C:\WINDOWS\System32\gdi32full.dll
0x00007ffe09eb0000 - 0x00007ffe09f4e000 	C:\WINDOWS\System32\msvcrt.dll
0x00007ffe081d0000 - 0x00007ffe0826d000 	C:\WINDOWS\System32\msvcp_win.dll
0x00007ffe09820000 - 0x00007ffe09850000 	C:\WINDOWS\System32\IMM32.DLL
0x00007ffe03680000 - 0x00007ffe0368c000 	C:\Program Files\Eclipse Adoptium\jdk-17.0.1.12-hotspot\bin\vcruntime140_1.dll
0x00007ffddfe00000 - 0x00007ffddfe91000 	C:\Program Files\Eclipse Adoptium\jdk-17.0.1.12-hotspot\bin\msvcp140.dll
0x00007ffdc95d0000 - 0x00007ffdca216000 	C:\Program Files\Eclipse Adoptium\jdk-17.0.1.12-hotspot\bin\server\jvm.dll
0x00007ffe0a600000 - 0x00007ffe0a6ae000 	C:\WINDOWS\System32\ADVAPI32.dll
0x00007ffe0a010000 - 0x00007ffe0a0ac000 	C:\WINDOWS\System32\sechost.dll
0x00007ffe092f0000 - 0x00007ffe09415000 	C:\WINDOWS\System32\RPCRT4.dll
0x00007ffe097b0000 - 0x00007ffe097b8000 	C:\WINDOWS\System32\PSAPI.DLL
0x00007ffdef9f0000 - 0x00007ffdef9f9000 	C:\WINDOWS\SYSTEM32\WSOCK32.dll
0x00007ffdfe610000 - 0x00007ffdfe637000 	C:\WINDOWS\SYSTEM32\WINMM.dll
0x00007ffdfe640000 - 0x00007ffdfe64a000 	C:\WINDOWS\SYSTEM32\VERSION.dll
0x00007ffe09850000 - 0x00007ffe098bb000 	C:\WINDOWS\System32\WS2_32.dll
0x00007ffe06680000 - 0x00007ffe06692000 	C:\WINDOWS\SYSTEM32\kernel.appcore.dll
0x00007ffe035e0000 - 0x00007ffe035ea000 	C:\Program Files\Eclipse Adoptium\jdk-17.0.1.12-hotspot\bin\jimage.dll
0x00007ffdfc170000 - 0x00007ffdfc354000 	C:\WINDOWS\SYSTEM32\DBGHELP.DLL
0x00007ffdfc140000 - 0x00007ffdfc16c000 	C:\WINDOWS\SYSTEM32\dbgcore.DLL
0x00007ffe085e0000 - 0x00007ffe08662000 	C:\WINDOWS\System32\bcryptPrimitives.dll
0x00007ffde3920000 - 0x00007ffde3945000 	C:\Program Files\Eclipse Adoptium\jdk-17.0.1.12-hotspot\bin\java.dll
0x00007ffdd1030000 - 0x00007ffdd1106000 	C:\Program Files\Eclipse Adoptium\jdk-17.0.1.12-hotspot\bin\svml.dll
0x00007ffe087a0000 - 0x00007ffe08ee4000 	C:\WINDOWS\System32\SHELL32.dll
0x00007ffe05ed0000 - 0x00007ffe06664000 	C:\WINDOWS\SYSTEM32\windows.storage.dll
0x00007ffe08f90000 - 0x00007ffe092e5000 	C:\WINDOWS\System32\combase.dll
0x00007ffe07850000 - 0x00007ffe0787e000 	C:\WINDOWS\SYSTEM32\Wldp.dll
0x00007ffe09700000 - 0x00007ffe097ad000 	C:\WINDOWS\System32\SHCORE.dll
0x00007ffe08740000 - 0x00007ffe08795000 	C:\WINDOWS\System32\shlwapi.dll
0x00007ffe07d40000 - 0x00007ffe07d5f000 	C:\WINDOWS\SYSTEM32\profapi.dll
0x00007ffe00140000 - 0x00007ffe00159000 	C:\Program Files\Eclipse Adoptium\jdk-17.0.1.12-hotspot\bin\net.dll
0x00007ffdfc8a0000 - 0x00007ffdfc9ac000 	C:\WINDOWS\SYSTEM32\WINHTTP.dll
0x00007ffe07540000 - 0x00007ffe075aa000 	C:\WINDOWS\system32\mswsock.dll
0x00007ffdfc7c0000 - 0x00007ffdfc7d5000 	C:\Program Files\Eclipse Adoptium\jdk-17.0.1.12-hotspot\bin\nio.dll
0x00007ffdebfd0000 - 0x00007ffdebfe8000 	C:\Program Files\Eclipse Adoptium\jdk-17.0.1.12-hotspot\bin\zip.dll
0x00007ffdff310000 - 0x00007ffdff320000 	C:\Program Files\Eclipse Adoptium\jdk-17.0.1.12-hotspot\bin\verify.dll
0x00007ffde3040000 - 0x00007ffde3049000 	C:\Program Files\Eclipse Adoptium\jdk-17.0.1.12-hotspot\bin\management.dll
0x00007ffde1610000 - 0x00007ffde161b000 	C:\Program Files\Eclipse Adoptium\jdk-17.0.1.12-hotspot\bin\management_ext.dll
0x00007ffde3130000 - 0x00007ffde3147000 	C:\WINDOWS\system32\napinsp.dll
0x00007ffde3110000 - 0x00007ffde312b000 	C:\WINDOWS\system32\pnrpnsp.dll
0x00007ffe02860000 - 0x00007ffe02875000 	C:\WINDOWS\system32\wshbth.dll
0x00007ffe03550000 - 0x00007ffe0356d000 	C:\WINDOWS\system32\NLAapi.dll
0x00007ffe071d0000 - 0x00007ffe0720b000 	C:\WINDOWS\SYSTEM32\IPHLPAPI.DLL
0x00007ffe07270000 - 0x00007ffe0733b000 	C:\WINDOWS\SYSTEM32\DNSAPI.dll
0x00007ffe098c0000 - 0x00007ffe098c8000 	C:\WINDOWS\System32\NSI.dll
0x00007ffde30f0000 - 0x00007ffde3102000 	C:\WINDOWS\System32\winrnr.dll
0x000000006e060000 - 0x000000006e086000 	C:\Program Files\Bonjour\mdnsNSP.dll
0x00007ffdfd8b0000 - 0x00007ffdfd8ba000 	C:\Windows\System32\rasadhlp.dll
0x00007ffdea390000 - 0x00007ffdea40f000 	C:\WINDOWS\System32\fwpuclnt.dll
0x00007ffe086a0000 - 0x00007ffe086c7000 	C:\WINDOWS\System32\bcrypt.dll

dbghelp: loaded successfully - version: 4.0.5 - missing functions: none
symbol engine: initialized successfully - sym options: 0x614 - pdb path: .;C:\Program Files\Eclipse Adoptium\jdk-17.0.1.12-hotspot\bin;C:\WINDOWS\SYSTEM32;C:\WINDOWS\WinSxS\amd64_microsoft.windows.common-controls_6595b64144ccf1df_6.0.19041.1110_none_60b5254171f9507e;C:\Program Files\Eclipse Adoptium\jdk-17.0.1.12-hotspot\bin\server;C:\Program Files\Bonjour

VM Arguments:
jvm_args: -XX:+ShowCodeDetailsInExceptionMessages 
java_command: com.example.zubarev.englishtraining.englishtraining.EnglishtrainingApplication
java_class_path (initial): C:\Users\user\Documents\englishTraining\EnglishTraining\englishtraining\target\classes;C:\Users\user\.m2\repository\org\springframework\boot\spring-boot-starter-web\2.6.4\spring-boot-starter-web-2.6.4.jar;C:\Users\user\.m2\repository\org\springframework\boot\spring-boot-starter\2.6.4\spring-boot-starter-2.6.4.jar;C:\Users\user\.m2\repository\org\springframework\boot\spring-boot-starter-logging\2.6.4\spring-boot-starter-logging-2.6.4.jar;C:\Users\user\.m2\repository\ch\qos\logback\logback-classic\1.2.10\logback-classic-1.2.10.jar;C:\Users\user\.m2\repository\ch\qos\logback\logback-core\1.2.10\logback-core-1.2.10.jar;C:\Users\user\.m2\repository\org\apache\logging\log4j\log4j-to-slf4j\2.17.1\log4j-to-slf4j-2.17.1.jar;C:\Users\user\.m2\repository\org\apache\logging\log4j\log4j-api\2.17.1\log4j-api-2.17.1.jar;C:\Users\user\.m2\repository\org\slf4j\jul-to-slf4j\1.7.36\jul-to-slf4j-1.7.36.jar;C:\Users\user\.m2\repository\jakarta\annotation\jakarta.annotation-api\1.3.5\jakarta.annotation-api-1.3.5.jar;C:\Users\user\.m2\repository\org\yaml\snakeyaml\1.29\snakeyaml-1.29.jar;C:\Users\user\.m2\repository\org\springframework\boot\spring-boot-starter-json\2.6.4\spring-boot-starter-json-2.6.4.jar;C:\Users\user\.m2\repository\com\fasterxml\jackson\datatype\jackson-datatype-jdk8\2.13.1\jackson-datatype-jdk8-2.13.1.jar;C:\Users\user\.m2\repository\com\fasterxml\jackson\datatype\jackson-datatype-jsr310\2.13.1\jackson-datatype-jsr310-2.13.1.jar;C:\Users\user\.m2\repository\com\fasterxml\jackson\module\jackson-module-parameter-names\2.13.1\jackson-module-parameter-names-2.13.1.jar;C:\Users\user\.m2\repository\org\springframework\boot\spring-boot-starter-tomcat\2.6.4\spring-boot-starter-tomcat-2.6.4.jar;C:\Users\user\.m2\repository\org\apache\tomcat\embed\tomcat-embed-websocket\9.0.58\tomcat-embed-websocket-9.0.58.jar;C:\Users\user\.m2\repository\org\springframework\spring-web\5.3.16\spring-web-5.3.16.jar;C:\Users\user\.m2\repository\org\springframework\spri
Launcher Type: SUN_STANDARD

[Global flags]
     intx CICompilerCount                          = 3                                         {product} {ergonomic}
     uint ConcGCThreads                            = 1                                         {product} {ergonomic}
     uint G1ConcRefinementThreads                  = 4                                         {product} {ergonomic}
   size_t G1HeapRegionSize                         = 1048576                                   {product} {ergonomic}
    uintx GCDrainStackTargetSize                   = 64                                        {product} {ergonomic}
   size_t InitialHeapSize                          = 67108864                                  {product} {ergonomic}
   size_t MarkStackSize                            = 4194304                                   {product} {ergonomic}
   size_t MaxHeapSize                              = 1056964608                                {product} {ergonomic}
   size_t MaxNewSize                               = 633339904                                 {product} {ergonomic}
   size_t MinHeapDeltaBytes                        = 1048576                                   {product} {ergonomic}
   size_t MinHeapSize                              = 8388608                                   {product} {ergonomic}
    uintx NonNMethodCodeHeapSize                   = 5832780                                {pd product} {ergonomic}
    uintx NonProfiledCodeHeapSize                  = 122912730                              {pd product} {ergonomic}
    uintx ProfiledCodeHeapSize                     = 122912730                              {pd product} {ergonomic}
    uintx ReservedCodeCacheSize                    = 251658240                              {pd product} {ergonomic}
     bool SegmentedCodeCache                       = true                                      {product} {ergonomic}
     bool ShowCodeDetailsInExceptionMessages       = true                                   {manageable} {command line}
   size_t SoftMaxHeapSize                          = 1056964608                             {manageable} {ergonomic}
     bool UseCompressedClassPointers               = true                           {product lp64_product} {ergonomic}
     bool UseCompressedOops                        = true                           {product lp64_product} {ergonomic}
     bool UseG1GC                                  = true                                      {product} {ergonomic}
     bool UseLargePagesIndividualAllocation        = false                                  {pd product} {ergonomic}

Logging:
Log output configuration:
 #0: stdout all=warning uptime,level,tags
 #1: stderr all=off uptime,level,tags

Environment Variables:
JAVA_HOME=C:\Program Files\Eclipse Adoptium\jdk-17.0.1.12-hotspot\
PATH=C:\Program Files\Eclipse Adoptium\jdk-17.0.1.12-hotspot\bin;C:\WINDOWS\system32;C:\WINDOWS;C:\WINDOWS\System32\Wbem;C:\WINDOWS\System32\WindowsPowerShell\v1.0\;C:\WINDOWS\System32\OpenSSH\;C:\Program Files (x86)\AMD\ATI.ACE\Core-Static;C:\Program Files\Git\cmd;C:\Program Files\Microchip\xc8\v2.31\bin;C:\Program Files\nodejs\;C:\Users\user\AppData\Local\Microsoft\WindowsApps;;D:\Program Files\IntelliJ IDEA 2020.2.1\bin;;C:\Users\user\AppData\Local\Programs\Microsoft VS Code\bin;C:\Users\user\AppData\Roaming\npm
USERNAME=user
LANG=ru_RU.UTF-8
OS=Windows_NT
PROCESSOR_IDENTIFIER=Intel64 Family 6 Model 58 Stepping 9, GenuineIntel



---------------  S Y S T E M  ---------------

OS:
 Windows 10 , 64 bit Build 19041 (10.0.19041.1503)
OS uptime: 3 days 1:44 hours

CPU: total 4 (initial active 4) (2 cores per cpu, 2 threads per core) family 6 model 58 stepping 9 microcode 0x21, cx8, cmov, fxsr, ht, mmx, sse, sse2, sse3, ssse3, sse4.1, sse4.2, popcnt, tsc, tscinvbit, avx, aes, erms, clmul, vzeroupper, clflush

Memory: 4k page, system-wide physical 4027M (287M free)
TotalPageFile size 7978M (AvailPageFile size 0M)
current process WorkingSet (physical memory assigned to process): 140M, peak: 140M
current process commit charge ("private bytes"): 189M, peak: 189M

vm_info: OpenJDK 64-Bit Server VM (17.0.1+12) for windows-amd64 JRE (17.0.1+12), built on Oct 20 2021 07:42:55 by "" with MS VC++ 16.7 (VS2019)

END.
