#
# There is insufficient memory for the Java Runtime Environment to continue.
# Native memory allocation (malloc) failed to allocate 32744 bytes for ChunkPool::allocate
# Possible reasons:
#   The system is out of physical RAM or swap space
#   The process is running with CompressedOops enabled, and the Java Heap may be blocking the growth of the native heap
# Possible solutions:
#   Reduce memory load on the system
#   Increase physical memory or swap space
#   Check if swap backing store is full
#   Decrease Java heap size (-Xmx/-Xms)
#   Decrease number of Java threads
#   Decrease Java thread stack sizes (-Xss)
#   Set larger code cache with -XX:ReservedCodeCacheSize=
#   JVM is running with Unscaled Compressed Oops mode in which the Java heap is
#     placed in the first 4GB address space. The Java Heap base address is the
#     maximum limit for the native heap growth. Please use -XX:HeapBaseMinAddress
#     to set the Java Heap base and to place the Java Heap above 4GB virtual address.
# This output file may be truncated or incomplete.
#
#  Out of Memory Error (arena.cpp:78), pid=13752, tid=13432
#
# JRE version: OpenJDK Runtime Environment Temurin-17.0.1+12 (17.0.1+12) (build 17.0.1+12)
# Java VM: OpenJDK 64-Bit Server VM Temurin-17.0.1+12 (17.0.1+12, mixed mode, sharing, tiered, compressed oops, compressed class ptrs, g1 gc, windows-amd64)
# No core dump will be written. Minidumps are not enabled by default on client versions of Windows
#

---------------  S U M M A R Y ------------

Command Line: -XX:+ShowCodeDetailsInExceptionMessages com.example.zubarev.englishtraining.englishtraining.EnglishtrainingApplication

Host: Intel(R) Core(TM) i7-3520M CPU @ 2.90GHz, 4 cores, 3G,  Windows 10 , 64 bit Build 19041 (10.0.19041.1503)
Time: Tue Mar  8 00:49:31 2022  Windows 10 , 64 bit Build 19041 (10.0.19041.1503) elapsed time: 4.356897 seconds (0d 0h 0m 4s)

---------------  T H R E A D  ---------------

Current thread (0x0000021f6bd2b700):  JavaThread "C1 CompilerThread0" daemon [_thread_in_native, id=13432, stack(0x0000006ce0100000,0x0000006ce0200000)]


Current CompileTask:
C1:   4357  549       3       java.net.URLStreamHandler::parseURL (1201 bytes)

Stack: [0x0000006ce0100000,0x0000006ce0200000]
Native frames: (J=compiled Java code, j=interpreted, Vv=VM code, C=native code)
V  [jvm.dll+0x6744da]
V  [jvm.dll+0x82e144]
V  [jvm.dll+0x82f8ee]
V  [jvm.dll+0x82ff53]
V  [jvm.dll+0x245175]
V  [jvm.dll+0xabaa0]
V  [jvm.dll+0xabdec]
V  [jvm.dll+0x11bfe5]
V  [jvm.dll+0x1799b4]
V  [jvm.dll+0x179f93]
V  [jvm.dll+0x1342b3]
V  [jvm.dll+0x133baf]
V  [jvm.dll+0x133de6]
V  [jvm.dll+0x13327a]
V  [jvm.dll+0x134f41]
V  [jvm.dll+0x226e38]
V  [jvm.dll+0x224f7c]
V  [jvm.dll+0x7e3f5b]
V  [jvm.dll+0x7de51a]
V  [jvm.dll+0x673305]
C  [ucrtbase.dll+0x21bb2]
C  [KERNEL32.DLL+0x17034]
C  [ntdll.dll+0x52651]


---------------  P R O C E S S  ---------------

Threads class SMR info:
_java_thread_list=0x0000021f6c849510, length=12, elements={
0x0000021f50895370, 0x0000021f6bd0c520, 0x0000021f6bd103b0, 0x0000021f6bd23a80,
0x0000021f6bd24e40, 0x0000021f6bd27800, 0x0000021f6bd29c30, 0x0000021f6bd2a910,
0x0000021f6bd2b700, 0x0000021f6bd716a0, 0x0000021f6c870340, 0x0000021f6c876fc0
}

Java Threads: ( => current thread )
  0x0000021f50895370 JavaThread "main" [_thread_in_vm, id=5888, stack(0x0000006cdf300000,0x0000006cdf400000)]
  0x0000021f6bd0c520 JavaThread "Reference Handler" daemon [_thread_blocked, id=2128, stack(0x0000006cdfa00000,0x0000006cdfb00000)]
  0x0000021f6bd103b0 JavaThread "Finalizer" daemon [_thread_blocked, id=11288, stack(0x0000006cdfb00000,0x0000006cdfc00000)]
  0x0000021f6bd23a80 JavaThread "Signal Dispatcher" daemon [_thread_blocked, id=3560, stack(0x0000006cdfc00000,0x0000006cdfd00000)]
  0x0000021f6bd24e40 JavaThread "Attach Listener" daemon [_thread_blocked, id=9672, stack(0x0000006cdfd00000,0x0000006cdfe00000)]
  0x0000021f6bd27800 JavaThread "Service Thread" daemon [_thread_blocked, id=12996, stack(0x0000006cdfe00000,0x0000006cdff00000)]
  0x0000021f6bd29c30 JavaThread "Monitor Deflation Thread" daemon [_thread_blocked, id=5624, stack(0x0000006cdff00000,0x0000006ce0000000)]
  0x0000021f6bd2a910 JavaThread "C2 CompilerThread0" daemon [_thread_blocked, id=7932, stack(0x0000006ce0000000,0x0000006ce0100000)]
=>0x0000021f6bd2b700 JavaThread "C1 CompilerThread0" daemon [_thread_in_native, id=13432, stack(0x0000006ce0100000,0x0000006ce0200000)]
  0x0000021f6bd716a0 JavaThread "Sweeper thread" daemon [_thread_blocked, id=11328, stack(0x0000006ce0200000,0x0000006ce0300000)]
  0x0000021f6c870340 JavaThread "Notification Thread" daemon [_thread_blocked, id=2484, stack(0x0000006ce0300000,0x0000006ce0400000)]
  0x0000021f6c876fc0 JavaThread "Common-Cleaner" daemon [_thread_blocked, id=12456, stack(0x0000006ce0500000,0x0000006ce0600000)]

Other Threads:
  0x0000021f6bd08930 VMThread "VM Thread" [stack: 0x0000006cdf900000,0x0000006cdfa00000] [id=12616]
  0x0000021f508e2b50 WatcherThread [stack: 0x0000006ce0400000,0x0000006ce0500000] [id=5764]
  0x0000021f508ca620 GCTaskThread "GC Thread#0" [stack: 0x0000006cdf400000,0x0000006cdf500000] [id=13156]
  0x0000021f508d4370 ConcurrentGCThread "G1 Main Marker" [stack: 0x0000006cdf500000,0x0000006cdf600000] [id=1352]
  0x0000021f508d5520 ConcurrentGCThread "G1 Conc#0" [stack: 0x0000006cdf600000,0x0000006cdf700000] [id=6832]
  0x0000021f50916150 ConcurrentGCThread "G1 Refine#0" [stack: 0x0000006cdf700000,0x0000006cdf800000] [id=11232]
  0x0000021f50916b70 ConcurrentGCThread "G1 Service" [stack: 0x0000006cdf800000,0x0000006cdf900000] [id=8228]

Threads with active compile tasks:
C1 CompilerThread0     4754  549       3       java.net.URLStreamHandler::parseURL (1201 bytes)

VM state: not at safepoint (normal execution)

VM Mutex/Monitor currently owned by a thread:  ([mutex/lock_event])
[0x0000021f5088df30] Metaspace_lock - owner thread: 0x0000021f50895370

Heap address: 0x00000000c1000000, size: 1008 MB, Compressed Oops mode: 32-bit

CDS archive(s) mapped at: [0x0000000800000000-0x0000000800bc0000-0x0000000800bc0000), size 12320768, SharedBaseAddress: 0x0000000800000000, ArchiveRelocationMode: 0.
Compressed class space mapped at: 0x0000000800c00000-0x0000000840c00000, reserved size: 1073741824
Narrow klass base: 0x0000000800000000, Narrow klass shift: 0, Narrow klass range: 0x100000000

GC Precious Log:
 CPUs: 4 total, 4 available
 Memory: 4027M
 Large Page Support: Disabled
 NUMA Support: Disabled
 Compressed Oops: Enabled (32-bit)
 Heap Region Size: 1M
 Heap Min Capacity: 8M
 Heap Initial Capacity: 64M
 Heap Max Capacity: 1008M
 Pre-touch: Disabled
 Parallel Workers: 4
 Concurrent Workers: 1
 Concurrent Refinement Workers: 4
 Periodic GC: Disabled

Heap:
 garbage-first heap   total 65536K, used 11264K [0x00000000c1000000, 0x0000000100000000)
  region size 1024K, 11 young (11264K), 0 survivors (0K)
 Metaspace       used 2057K, committed 2176K, reserved 1056768K
  class space    used 185K, committed 256K, reserved 1048576K

Heap Regions: E=young(eden), S=young(survivor), O=old, HS=humongous(starts), HC=humongous(continues), CS=collection set, F=free, OA=open archive, CA=closed archive, TAMS=top-at-mark-start (previous, next)
|   0|0x00000000c1000000, 0x00000000c1100000, 0x00000000c1100000|100%|HS|  |TAMS 0x00000000c1000000, 0x00000000c1000000| Complete 
|   1|0x00000000c1100000, 0x00000000c1100000, 0x00000000c1200000|  0%| F|  |TAMS 0x00000000c1100000, 0x00000000c1100000| Untracked 
|   2|0x00000000c1200000, 0x00000000c1200000, 0x00000000c1300000|  0%| F|  |TAMS 0x00000000c1200000, 0x00000000c1200000| Untracked 
|   3|0x00000000c1300000, 0x00000000c1300000, 0x00000000c1400000|  0%| F|  |TAMS 0x00000000c1300000, 0x00000000c1300000| Untracked 
|   4|0x00000000c1400000, 0x00000000c1400000, 0x00000000c1500000|  0%| F|  |TAMS 0x00000000c1400000, 0x00000000c1400000| Untracked 
|   5|0x00000000c1500000, 0x00000000c1500000, 0x00000000c1600000|  0%| F|  |TAMS 0x00000000c1500000, 0x00000000c1500000| Untracked 
|   6|0x00000000c1600000, 0x00000000c1600000, 0x00000000c1700000|  0%| F|  |TAMS 0x00000000c1600000, 0x00000000c1600000| Untracked 
|   7|0x00000000c1700000, 0x00000000c1700000, 0x00000000c1800000|  0%| F|  |TAMS 0x00000000c1700000, 0x00000000c1700000| Untracked 
|   8|0x00000000c1800000, 0x00000000c1800000, 0x00000000c1900000|  0%| F|  |TAMS 0x00000000c1800000, 0x00000000c1800000| Untracked 
|   9|0x00000000c1900000, 0x00000000c1900000, 0x00000000c1a00000|  0%| F|  |TAMS 0x00000000c1900000, 0x00000000c1900000| Untracked 
|  10|0x00000000c1a00000, 0x00000000c1a00000, 0x00000000c1b00000|  0%| F|  |TAMS 0x00000000c1a00000, 0x00000000c1a00000| Untracked 
|  11|0x00000000c1b00000, 0x00000000c1b00000, 0x00000000c1c00000|  0%| F|  |TAMS 0x00000000c1b00000, 0x00000000c1b00000| Untracked 
|  12|0x00000000c1c00000, 0x00000000c1c00000, 0x00000000c1d00000|  0%| F|  |TAMS 0x00000000c1c00000, 0x00000000c1c00000| Untracked 
|  13|0x00000000c1d00000, 0x00000000c1d00000, 0x00000000c1e00000|  0%| F|  |TAMS 0x00000000c1d00000, 0x00000000c1d00000| Untracked 
|  14|0x00000000c1e00000, 0x00000000c1e00000, 0x00000000c1f00000|  0%| F|  |TAMS 0x00000000c1e00000, 0x00000000c1e00000| Untracked 
|  15|0x00000000c1f00000, 0x00000000c1f00000, 0x00000000c2000000|  0%| F|  |TAMS 0x00000000c1f00000, 0x00000000c1f00000| Untracked 
|  16|0x00000000c2000000, 0x00000000c2000000, 0x00000000c2100000|  0%| F|  |TAMS 0x00000000c2000000, 0x00000000c2000000| Untracked 
|  17|0x00000000c2100000, 0x00000000c2100000, 0x00000000c2200000|  0%| F|  |TAMS 0x00000000c2100000, 0x00000000c2100000| Untracked 
|  18|0x00000000c2200000, 0x00000000c2200000, 0x00000000c2300000|  0%| F|  |TAMS 0x00000000c2200000, 0x00000000c2200000| Untracked 
|  19|0x00000000c2300000, 0x00000000c2300000, 0x00000000c2400000|  0%| F|  |TAMS 0x00000000c2300000, 0x00000000c2300000| Untracked 
|  20|0x00000000c2400000, 0x00000000c2400000, 0x00000000c2500000|  0%| F|  |TAMS 0x00000000c2400000, 0x00000000c2400000| Untracked 
|  21|0x00000000c2500000, 0x00000000c2500000, 0x00000000c2600000|  0%| F|  |TAMS 0x00000000c2500000, 0x00000000c2500000| Untracked 
|  22|0x00000000c2600000, 0x00000000c2600000, 0x00000000c2700000|  0%| F|  |TAMS 0x00000000c2600000, 0x00000000c2600000| Untracked 
|  23|0x00000000c2700000, 0x00000000c2700000, 0x00000000c2800000|  0%| F|  |TAMS 0x00000000c2700000, 0x00000000c2700000| Untracked 
|  24|0x00000000c2800000, 0x00000000c2800000, 0x00000000c2900000|  0%| F|  |TAMS 0x00000000c2800000, 0x00000000c2800000| Untracked 
|  25|0x00000000c2900000, 0x00000000c2900000, 0x00000000c2a00000|  0%| F|  |TAMS 0x00000000c2900000, 0x00000000c2900000| Untracked 
|  26|0x00000000c2a00000, 0x00000000c2a00000, 0x00000000c2b00000|  0%| F|  |TAMS 0x00000000c2a00000, 0x00000000c2a00000| Untracked 
|  27|0x00000000c2b00000, 0x00000000c2b00000, 0x00000000c2c00000|  0%| F|  |TAMS 0x00000000c2b00000, 0x00000000c2b00000| Untracked 
|  28|0x00000000c2c00000, 0x00000000c2c00000, 0x00000000c2d00000|  0%| F|  |TAMS 0x00000000c2c00000, 0x00000000c2c00000| Untracked 
|  29|0x00000000c2d00000, 0x00000000c2d00000, 0x00000000c2e00000|  0%| F|  |TAMS 0x00000000c2d00000, 0x00000000c2d00000| Untracked 
|  30|0x00000000c2e00000, 0x00000000c2e00000, 0x00000000c2f00000|  0%| F|  |TAMS 0x00000000c2e00000, 0x00000000c2e00000| Untracked 
|  31|0x00000000c2f00000, 0x00000000c2f00000, 0x00000000c3000000|  0%| F|  |TAMS 0x00000000c2f00000, 0x00000000c2f00000| Untracked 
|  32|0x00000000c3000000, 0x00000000c3000000, 0x00000000c3100000|  0%| F|  |TAMS 0x00000000c3000000, 0x00000000c3000000| Untracked 
|  33|0x00000000c3100000, 0x00000000c3100000, 0x00000000c3200000|  0%| F|  |TAMS 0x00000000c3100000, 0x00000000c3100000| Untracked 
|  34|0x00000000c3200000, 0x00000000c3200000, 0x00000000c3300000|  0%| F|  |TAMS 0x00000000c3200000, 0x00000000c3200000| Untracked 
|  35|0x00000000c3300000, 0x00000000c3300000, 0x00000000c3400000|  0%| F|  |TAMS 0x00000000c3300000, 0x00000000c3300000| Untracked 
|  36|0x00000000c3400000, 0x00000000c3400000, 0x00000000c3500000|  0%| F|  |TAMS 0x00000000c3400000, 0x00000000c3400000| Untracked 
|  37|0x00000000c3500000, 0x00000000c3500000, 0x00000000c3600000|  0%| F|  |TAMS 0x00000000c3500000, 0x00000000c3500000| Untracked 
|  38|0x00000000c3600000, 0x00000000c3600000, 0x00000000c3700000|  0%| F|  |TAMS 0x00000000c3600000, 0x00000000c3600000| Untracked 
|  39|0x00000000c3700000, 0x00000000c3700000, 0x00000000c3800000|  0%| F|  |TAMS 0x00000000c3700000, 0x00000000c3700000| Untracked 
|  40|0x00000000c3800000, 0x00000000c3800000, 0x00000000c3900000|  0%| F|  |TAMS 0x00000000c3800000, 0x00000000c3800000| Untracked 
|  41|0x00000000c3900000, 0x00000000c3900000, 0x00000000c3a00000|  0%| F|  |TAMS 0x00000000c3900000, 0x00000000c3900000| Untracked 
|  42|0x00000000c3a00000, 0x00000000c3a00000, 0x00000000c3b00000|  0%| F|  |TAMS 0x00000000c3a00000, 0x00000000c3a00000| Untracked 
|  43|0x00000000c3b00000, 0x00000000c3b00000, 0x00000000c3c00000|  0%| F|  |TAMS 0x00000000c3b00000, 0x00000000c3b00000| Untracked 
|  44|0x00000000c3c00000, 0x00000000c3c00000, 0x00000000c3d00000|  0%| F|  |TAMS 0x00000000c3c00000, 0x00000000c3c00000| Untracked 
|  45|0x00000000c3d00000, 0x00000000c3d00000, 0x00000000c3e00000|  0%| F|  |TAMS 0x00000000c3d00000, 0x00000000c3d00000| Untracked 
|  46|0x00000000c3e00000, 0x00000000c3e00000, 0x00000000c3f00000|  0%| F|  |TAMS 0x00000000c3e00000, 0x00000000c3e00000| Untracked 
|  47|0x00000000c3f00000, 0x00000000c3f00000, 0x00000000c4000000|  0%| F|  |TAMS 0x00000000c3f00000, 0x00000000c3f00000| Untracked 
|  48|0x00000000c4000000, 0x00000000c4000000, 0x00000000c4100000|  0%| F|  |TAMS 0x00000000c4000000, 0x00000000c4000000| Untracked 
|  49|0x00000000c4100000, 0x00000000c4100000, 0x00000000c4200000|  0%| F|  |TAMS 0x00000000c4100000, 0x00000000c4100000| Untracked 
|  50|0x00000000c4200000, 0x00000000c4200000, 0x00000000c4300000|  0%| F|  |TAMS 0x00000000c4200000, 0x00000000c4200000| Untracked 
|  51|0x00000000c4300000, 0x00000000c4300000, 0x00000000c4400000|  0%| F|  |TAMS 0x00000000c4300000, 0x00000000c4300000| Untracked 
|  52|0x00000000c4400000, 0x00000000c4400000, 0x00000000c4500000|  0%| F|  |TAMS 0x00000000c4400000, 0x00000000c4400000| Untracked 
|  53|0x00000000c4500000, 0x00000000c4588c48, 0x00000000c4600000| 53%| E|  |TAMS 0x00000000c4500000, 0x00000000c4500000| Complete 
|  54|0x00000000c4600000, 0x00000000c4700000, 0x00000000c4700000|100%| E|CS|TAMS 0x00000000c4600000, 0x00000000c4600000| Complete 
|  55|0x00000000c4700000, 0x00000000c4800000, 0x00000000c4800000|100%| E|CS|TAMS 0x00000000c4700000, 0x00000000c4700000| Complete 
|  56|0x00000000c4800000, 0x00000000c4900000, 0x00000000c4900000|100%| E|CS|TAMS 0x00000000c4800000, 0x00000000c4800000| Complete 
|  57|0x00000000c4900000, 0x00000000c4a00000, 0x00000000c4a00000|100%| E|CS|TAMS 0x00000000c4900000, 0x00000000c4900000| Complete 
|  58|0x00000000c4a00000, 0x00000000c4b00000, 0x00000000c4b00000|100%| E|CS|TAMS 0x00000000c4a00000, 0x00000000c4a00000| Complete 
|  59|0x00000000c4b00000, 0x00000000c4c00000, 0x00000000c4c00000|100%| E|CS|TAMS 0x00000000c4b00000, 0x00000000c4b00000| Complete 
|  60|0x00000000c4c00000, 0x00000000c4d00000, 0x00000000c4d00000|100%| E|CS|TAMS 0x00000000c4c00000, 0x00000000c4c00000| Complete 
|  61|0x00000000c4d00000, 0x00000000c4e00000, 0x00000000c4e00000|100%| E|CS|TAMS 0x00000000c4d00000, 0x00000000c4d00000| Complete 
|  62|0x00000000c4e00000, 0x00000000c4f00000, 0x00000000c4f00000|100%| E|CS|TAMS 0x00000000c4e00000, 0x00000000c4e00000| Complete 
|  63|0x00000000c4f00000, 0x00000000c5000000, 0x00000000c5000000|100%| E|CS|TAMS 0x00000000c4f00000, 0x00000000c4f00000| Complete 

Card table byte_map: [0x0000021f67560000,0x0000021f67760000] _byte_map_base: 0x0000021f66f58000

Marking Bits (Prev, Next): (CMBitMap*) 0x0000021f508cbc40, (CMBitMap*) 0x0000021f508cbc80
 Prev Bits: [0x0000021f67960000, 0x0000021f68920000)
 Next Bits: [0x0000021f68920000, 0x0000021f698e0000)

Polling page: 0x0000021f4e880000

Metaspace:

Usage:
  Non-class:      1.83 MB used.
      Class:    185.64 KB used.
       Both:      2.01 MB used.

Virtual space:
  Non-class space:        8.00 MB reserved,       1.88 MB ( 23%) committed,  1 nodes.
      Class space:        1.00 GB reserved,     256.00 KB ( <1%) committed,  1 nodes.
             Both:        1.01 GB reserved,       2.12 MB ( <1%) committed. 

Chunk freelists:
   Non-Class:  3.30 MB
       Class:  3.64 MB
        Both:  6.94 MB

MaxMetaspaceSize: unlimited
CompressedClassSpaceSize: 1.00 GB
Initial GC threshold: 21.00 MB
Current GC threshold: 21.00 MB
CDS: on
MetaspaceReclaimPolicy: balanced
 - commit_granule_bytes: 65536.
 - commit_granule_words: 8192.
 - virtual_space_node_default_size: 1048576.
 - enlarge_chunks_in_place: 1.
 - new_chunks_are_fully_committed: 0.
 - uncommit_free_chunks: 1.
 - use_allocation_guard: 0.
 - handle_deallocations: 1.


Internal statistics:

num_allocs_failed_limit: 0.
num_arena_births: 8.
num_arena_deaths: 0.
num_vsnodes_births: 2.
num_vsnodes_deaths: 0.
num_space_committed: 34.
num_space_uncommitted: 0.
num_chunks_returned_to_freelist: 0.
num_chunks_taken_from_freelist: 47.
num_chunk_merges: 0.
num_chunk_splits: 29.
num_chunks_enlarged: 21.
num_purges: 0.
num_inconsistent_stats: 0.

CodeHeap 'non-profiled nmethods': size=120000Kb used=154Kb max_used=154Kb free=119845Kb
 bounds [0x0000021f5fe30000, 0x0000021f600a0000, 0x0000021f67360000]
CodeHeap 'profiled nmethods': size=120000Kb used=972Kb max_used=972Kb free=119027Kb
 bounds [0x0000021f58900000, 0x0000021f58b70000, 0x0000021f5fe30000]
CodeHeap 'non-nmethods': size=5760Kb used=1132Kb max_used=1148Kb free=4627Kb
 bounds [0x0000021f58360000, 0x0000021f585d0000, 0x0000021f58900000]
 total_blobs=968 nmethods=551 adapters=330
 compilation: enabled
              stopped_count=0, restarted_count=0
 full_count=0

Compilation events (20 events):
Event: 4.303 Thread 0x0000021f6bd2b700 nmethod 537 0x0000021f5fe54210 code [0x0000021f5fe543a0, 0x0000021f5fe54478]
Event: 4.303 Thread 0x0000021f6bd2b700  539       1       java.lang.module.ModuleDescriptor::isOpen (5 bytes)
Event: 4.303 Thread 0x0000021f6bd2b700 nmethod 539 0x0000021f5fe54510 code [0x0000021f5fe546a0, 0x0000021f5fe54778]
Event: 4.303 Thread 0x0000021f6bd2b700  541       3       java.lang.invoke.MethodType::<init> (15 bytes)
Event: 4.304 Thread 0x0000021f6bd2b700 nmethod 541 0x0000021f589ef510 code [0x0000021f589ef6c0, 0x0000021f589ef8d8]
Event: 4.304 Thread 0x0000021f6bd2b700  544       3       java.lang.invoke.MethodType::hashCode (53 bytes)
Event: 4.304 Thread 0x0000021f6bd2b700 nmethod 544 0x0000021f589ef990 code [0x0000021f589efb40, 0x0000021f589efeb8]
Event: 4.304 Thread 0x0000021f6bd2b700  542       3       java.lang.invoke.MethodType::makeImpl (109 bytes)
Event: 4.305 Thread 0x0000021f6bd2b700 nmethod 542 0x0000021f589f0090 code [0x0000021f589f0340, 0x0000021f589f1158]
Event: 4.305 Thread 0x0000021f6bd2b700  545       3       java.lang.StringUTF16::getChar (60 bytes)
Event: 4.305 Thread 0x0000021f6bd2b700 nmethod 545 0x0000021f589f1590 code [0x0000021f589f1720, 0x0000021f589f1898]
Event: 4.305 Thread 0x0000021f6bd2b700  543       3       java.lang.invoke.MethodType$ConcurrentWeakInternSet::get (47 bytes)
Event: 4.306 Thread 0x0000021f6bd2a910  546       4       java.lang.StringUTF16::getChar (60 bytes)
Event: 4.306 Thread 0x0000021f6bd2b700 nmethod 543 0x0000021f589f1990 code [0x0000021f589f1bc0, 0x0000021f589f2538]
Event: 4.307 Thread 0x0000021f6bd2a910 nmethod 546 0x0000021f5fe54b10 code [0x0000021f5fe54c80, 0x0000021f5fe54d58]
Event: 4.308 Thread 0x0000021f6bd2b700  547       3       java.util.jar.Attributes::getValue (9 bytes)
Event: 4.308 Thread 0x0000021f6bd2b700 nmethod 547 0x0000021f589f2890 code [0x0000021f589f2a40, 0x0000021f589f2d68]
Event: 4.308 Thread 0x0000021f6bd2b700  548       3       java.util.jar.Attributes::get (11 bytes)
Event: 4.308 Thread 0x0000021f6bd2b700 nmethod 548 0x0000021f589f2e90 code [0x0000021f589f3040, 0x0000021f589f3208]
Event: 4.309 Thread 0x0000021f6bd2b700  549       3       java.net.URLStreamHandler::parseURL (1201 bytes)

GC Heap History (0 events):
No events

Deoptimization events (20 events):
Event: 1.876 Thread 0x0000021f50895370 DEOPT PACKING pc=0x0000021f58924c56 sp=0x0000006cdf3fd160
Event: 1.876 Thread 0x0000021f50895370 DEOPT UNPACKING pc=0x0000021f583b2b43 sp=0x0000006cdf3fc5e8 mode 0
Event: 2.354 Thread 0x0000021f50895370 Uncommon trap: trap_request=0xffffff45 fr.pc=0x0000021f5fe45fd8 relative=0x0000000000000238
Event: 2.354 Thread 0x0000021f50895370 Uncommon trap: reason=unstable_if action=reinterpret pc=0x0000021f5fe45fd8 method=java.io.BufferedReader.read()I @ 19 c2
Event: 2.354 Thread 0x0000021f50895370 DEOPT PACKING pc=0x0000021f5fe45fd8 sp=0x0000006cdf3fc360
Event: 2.354 Thread 0x0000021f50895370 DEOPT UNPACKING pc=0x0000021f583b23a3 sp=0x0000006cdf3fc2a0 mode 2
Event: 2.379 Thread 0x0000021f50895370 Uncommon trap: trap_request=0xffffff45 fr.pc=0x0000021f5fe44e74 relative=0x0000000000000174
Event: 2.379 Thread 0x0000021f50895370 Uncommon trap: reason=unstable_if action=reinterpret pc=0x0000021f5fe44e74 method=java.lang.StringCoding.hasNegatives([BII)Z @ 12 c2
Event: 2.379 Thread 0x0000021f50895370 DEOPT PACKING pc=0x0000021f5fe44e74 sp=0x0000006cdf3fb830
Event: 2.379 Thread 0x0000021f50895370 DEOPT UNPACKING pc=0x0000021f583b23a3 sp=0x0000006cdf3fb7c0 mode 2
Event: 2.532 Thread 0x0000021f50895370 DEOPT PACKING pc=0x0000021f58948be5 sp=0x0000006cdf3f92c0
Event: 2.532 Thread 0x0000021f50895370 DEOPT UNPACKING pc=0x0000021f583b2b43 sp=0x0000006cdf3f8710 mode 0
Event: 4.162 Thread 0x0000021f50895370 Uncommon trap: trap_request=0xffffff45 fr.pc=0x0000021f5fe372d0 relative=0x00000000000003b0
Event: 4.162 Thread 0x0000021f50895370 Uncommon trap: reason=unstable_if action=reinterpret pc=0x0000021f5fe372d0 method=java.lang.StringLatin1.canEncode(I)Z @ 4 c2
Event: 4.162 Thread 0x0000021f50895370 DEOPT PACKING pc=0x0000021f5fe372d0 sp=0x0000006cdf3fd570
Event: 4.162 Thread 0x0000021f50895370 DEOPT UNPACKING pc=0x0000021f583b23a3 sp=0x0000006cdf3fd498 mode 2
Event: 4.162 Thread 0x0000021f50895370 Uncommon trap: trap_request=0xffffff45 fr.pc=0x0000021f5fe43038 relative=0x0000000000000398
Event: 4.162 Thread 0x0000021f50895370 Uncommon trap: reason=unstable_if action=reinterpret pc=0x0000021f5fe43038 method=java.lang.AbstractStringBuilder.isLatin1()Z @ 10 c2
Event: 4.162 Thread 0x0000021f50895370 DEOPT PACKING pc=0x0000021f5fe43038 sp=0x0000006cdf3fd570
Event: 4.162 Thread 0x0000021f50895370 DEOPT UNPACKING pc=0x0000021f583b23a3 sp=0x0000006cdf3fd500 mode 2

Classes unloaded (0 events):
No events

Classes redefined (0 events):
No events

Internal exceptions (2 events):
Event: 2.349 Thread 0x0000021f50895370 Exception <a 'java/lang/ClassNotFoundException'{0x00000000c486e398}: javax/smartcardio/CardPermission> (0x00000000c486e398) 
thrown [e:\jenkins\tmp\workspace\build\src\src\hotspot\share\classfile\systemDictionary.cpp, line 256]
Event: 2.379 Thread 0x0000021f50895370 Exception <a 'java/io/FileNotFoundException'{0x00000000c487ccb0}> (0x00000000c487ccb0) 
thrown [e:\jenkins\tmp\workspace\build\src\src\hotspot\share\prims\jni.cpp, line 516]

VM Operations (6 events):
Event: 1.387 Executing VM operation: HandshakeAllThreads
Event: 1.387 Executing VM operation: HandshakeAllThreads done
Event: 2.395 Executing VM operation: Cleanup
Event: 2.442 Executing VM operation: Cleanup done
Event: 3.450 Executing VM operation: Cleanup
Event: 3.608 Executing VM operation: Cleanup done

Events (20 events):
Event: 2.479 loading class java/io/FilePermissionCollection$1 done
Event: 2.479 loading class java/security/PermissionsEnumerator
Event: 2.485 loading class java/security/PermissionsEnumerator done
Event: 2.486 loading class java/security/AccessControlException
Event: 2.486 loading class java/security/AccessControlException done
Event: 2.542 loading class java/util/concurrent/atomic/AtomicBoolean
Event: 2.564 loading class java/util/concurrent/atomic/AtomicBoolean done
Event: 3.692 loading class jdk/internal/module/ModulePatcher$PatchedModuleReader
Event: 3.809 loading class jdk/internal/module/ModulePatcher$PatchedModuleReader done
Event: 3.943 loading class sun/util/resources/LocaleData$CommonResourceBundleProvider
Event: 3.943 loading class sun/util/resources/LocaleData$LocaleDataResourceBundleProvider
Event: 3.943 loading class java/util/spi/ResourceBundleProvider
Event: 4.041 loading class java/util/spi/ResourceBundleProvider done
Event: 4.041 loading class sun/util/resources/LocaleData$LocaleDataResourceBundleProvider done
Event: 4.041 loading class sun/util/resources/LocaleData$CommonResourceBundleProvider done
Event: 4.041 loading class sun/util/resources/Bundles$2
Event: 4.041 loading class sun/util/resources/Bundles$2 done
Event: 4.042 loading class java/lang/InstantiationException
Event: 4.160 loading class java/lang/InstantiationException done
Event: 4.312 loading class java/lang/NumberFormatException


Dynamic libraries:
0x00007ff73da00000 - 0x00007ff73da0e000 	C:\Program Files\Eclipse Adoptium\jdk-17.0.1.12-hotspot\bin\java.exe
0x00007ffe0a6f0000 - 0x00007ffe0a8e5000 	C:\WINDOWS\SYSTEM32\ntdll.dll
0x00007ffe09f50000 - 0x00007ffe0a00e000 	C:\WINDOWS\System32\KERNEL32.DLL
0x00007ffe07f00000 - 0x00007ffe081c8000 	C:\WINDOWS\System32\KERNELBASE.dll
0x00007ffe07e00000 - 0x00007ffe07f00000 	C:\WINDOWS\System32\ucrtbase.dll
0x00007ffe035f0000 - 0x00007ffe03608000 	C:\Program Files\Eclipse Adoptium\jdk-17.0.1.12-hotspot\bin\jli.dll
0x00007ffe03630000 - 0x00007ffe03649000 	C:\Program Files\Eclipse Adoptium\jdk-17.0.1.12-hotspot\bin\VCRUNTIME140.dll
0x00007ffe09bf0000 - 0x00007ffe09d90000 	C:\WINDOWS\System32\USER32.dll
0x00007ffe08670000 - 0x00007ffe08692000 	C:\WINDOWS\System32\win32u.dll
0x00007ffe099b0000 - 0x00007ffe099db000 	C:\WINDOWS\System32\GDI32.dll
0x00007ffde77d0000 - 0x00007ffde7a6a000 	C:\WINDOWS\WinSxS\amd64_microsoft.windows.common-controls_6595b64144ccf1df_6.0.19041.1110_none_60b5254171f9507e\COMCTL32.dll
0x00007ffe084d0000 - 0x00007ffe085dd000 	C:\WINDOWS\System32\gdi32full.dll
0x00007ffe09eb0000 - 0x00007ffe09f4e000 	C:\WINDOWS\System32\msvcrt.dll
0x00007ffe081d0000 - 0x00007ffe0826d000 	C:\WINDOWS\System32\msvcp_win.dll
0x00007ffe09820000 - 0x00007ffe09850000 	C:\WINDOWS\System32\IMM32.DLL
0x00007ffe03680000 - 0x00007ffe0368c000 	C:\Program Files\Eclipse Adoptium\jdk-17.0.1.12-hotspot\bin\vcruntime140_1.dll
0x00007ffddfe00000 - 0x00007ffddfe91000 	C:\Program Files\Eclipse Adoptium\jdk-17.0.1.12-hotspot\bin\msvcp140.dll
0x00007ffdc95d0000 - 0x00007ffdca216000 	C:\Program Files\Eclipse Adoptium\jdk-17.0.1.12-hotspot\bin\server\jvm.dll
0x00007ffe0a600000 - 0x00007ffe0a6ae000 	C:\WINDOWS\System32\ADVAPI32.dll
0x00007ffe0a010000 - 0x00007ffe0a0ac000 	C:\WINDOWS\System32\sechost.dll
0x00007ffe092f0000 - 0x00007ffe09415000 	C:\WINDOWS\System32\RPCRT4.dll
0x00007ffe097b0000 - 0x00007ffe097b8000 	C:\WINDOWS\System32\PSAPI.DLL
0x00007ffdef9f0000 - 0x00007ffdef9f9000 	C:\WINDOWS\SYSTEM32\WSOCK32.dll
0x00007ffdfe610000 - 0x00007ffdfe637000 	C:\WINDOWS\SYSTEM32\WINMM.dll
0x00007ffdfe640000 - 0x00007ffdfe64a000 	C:\WINDOWS\SYSTEM32\VERSION.dll
0x00007ffe09850000 - 0x00007ffe098bb000 	C:\WINDOWS\System32\WS2_32.dll
0x00007ffe06680000 - 0x00007ffe06692000 	C:\WINDOWS\SYSTEM32\kernel.appcore.dll
0x00007ffe035e0000 - 0x00007ffe035ea000 	C:\Program Files\Eclipse Adoptium\jdk-17.0.1.12-hotspot\bin\jimage.dll
0x00007ffdfc170000 - 0x00007ffdfc354000 	C:\WINDOWS\SYSTEM32\DBGHELP.DLL
0x00007ffdfc140000 - 0x00007ffdfc16c000 	C:\WINDOWS\SYSTEM32\dbgcore.DLL
0x00007ffe085e0000 - 0x00007ffe08662000 	C:\WINDOWS\System32\bcryptPrimitives.dll
0x00007ffde3920000 - 0x00007ffde3945000 	C:\Program Files\Eclipse Adoptium\jdk-17.0.1.12-hotspot\bin\java.dll
0x00007ffdd1030000 - 0x00007ffdd1106000 	C:\Program Files\Eclipse Adoptium\jdk-17.0.1.12-hotspot\bin\svml.dll
0x00007ffe087a0000 - 0x00007ffe08ee4000 	C:\WINDOWS\System32\SHELL32.dll
0x00007ffe05ed0000 - 0x00007ffe06664000 	C:\WINDOWS\SYSTEM32\windows.storage.dll
0x00007ffe08f90000 - 0x00007ffe092e5000 	C:\WINDOWS\System32\combase.dll
0x00007ffe07850000 - 0x00007ffe0787e000 	C:\WINDOWS\SYSTEM32\Wldp.dll
0x00007ffe09700000 - 0x00007ffe097ad000 	C:\WINDOWS\System32\SHCORE.dll
0x00007ffe08740000 - 0x00007ffe08795000 	C:\WINDOWS\System32\shlwapi.dll
0x00007ffe07d40000 - 0x00007ffe07d5f000 	C:\WINDOWS\SYSTEM32\profapi.dll
0x00007ffe00140000 - 0x00007ffe00159000 	C:\Program Files\Eclipse Adoptium\jdk-17.0.1.12-hotspot\bin\net.dll
0x00007ffdfc8a0000 - 0x00007ffdfc9ac000 	C:\WINDOWS\SYSTEM32\WINHTTP.dll
0x00007ffe07540000 - 0x00007ffe075aa000 	C:\WINDOWS\system32\mswsock.dll
0x00007ffdfc7c0000 - 0x00007ffdfc7d5000 	C:\Program Files\Eclipse Adoptium\jdk-17.0.1.12-hotspot\bin\nio.dll
0x00007ffdebfd0000 - 0x00007ffdebfe8000 	C:\Program Files\Eclipse Adoptium\jdk-17.0.1.12-hotspot\bin\zip.dll
0x00007ffdff310000 - 0x00007ffdff320000 	C:\Program Files\Eclipse Adoptium\jdk-17.0.1.12-hotspot\bin\verify.dll

dbghelp: loaded successfully - version: 4.0.5 - missing functions: none
symbol engine: initialized successfully - sym options: 0x614 - pdb path: .;C:\Program Files\Eclipse Adoptium\jdk-17.0.1.12-hotspot\bin;C:\WINDOWS\SYSTEM32;C:\WINDOWS\WinSxS\amd64_microsoft.windows.common-controls_6595b64144ccf1df_6.0.19041.1110_none_60b5254171f9507e;C:\Program Files\Eclipse Adoptium\jdk-17.0.1.12-hotspot\bin\server

VM Arguments:
jvm_args: -XX:+ShowCodeDetailsInExceptionMessages 
java_command: com.example.zubarev.englishtraining.englishtraining.EnglishtrainingApplication
java_class_path (initial): C:\Users\user\Documents\englishTraining\EnglishTraining\englishtraining\target\classes;C:\Users\user\.m2\repository\org\springframework\boot\spring-boot-starter-web\2.6.4\spring-boot-starter-web-2.6.4.jar;C:\Users\user\.m2\repository\org\springframework\boot\spring-boot-starter\2.6.4\spring-boot-starter-2.6.4.jar;C:\Users\user\.m2\repository\org\springframework\boot\spring-boot-starter-logging\2.6.4\spring-boot-starter-logging-2.6.4.jar;C:\Users\user\.m2\repository\ch\qos\logback\logback-classic\1.2.10\logback-classic-1.2.10.jar;C:\Users\user\.m2\repository\ch\qos\logback\logback-core\1.2.10\logback-core-1.2.10.jar;C:\Users\user\.m2\repository\org\apache\logging\log4j\log4j-to-slf4j\2.17.1\log4j-to-slf4j-2.17.1.jar;C:\Users\user\.m2\repository\org\apache\logging\log4j\log4j-api\2.17.1\log4j-api-2.17.1.jar;C:\Users\user\.m2\repository\org\slf4j\jul-to-slf4j\1.7.36\jul-to-slf4j-1.7.36.jar;C:\Users\user\.m2\repository\jakarta\annotation\jakarta.annotation-api\1.3.5\jakarta.annotation-api-1.3.5.jar;C:\Users\user\.m2\repository\org\yaml\snakeyaml\1.29\snakeyaml-1.29.jar;C:\Users\user\.m2\repository\org\springframework\boot\spring-boot-starter-json\2.6.4\spring-boot-starter-json-2.6.4.jar;C:\Users\user\.m2\repository\com\fasterxml\jackson\datatype\jackson-datatype-jdk8\2.13.1\jackson-datatype-jdk8-2.13.1.jar;C:\Users\user\.m2\repository\com\fasterxml\jackson\datatype\jackson-datatype-jsr310\2.13.1\jackson-datatype-jsr310-2.13.1.jar;C:\Users\user\.m2\repository\com\fasterxml\jackson\module\jackson-module-parameter-names\2.13.1\jackson-module-parameter-names-2.13.1.jar;C:\Users\user\.m2\repository\org\springframework\boot\spring-boot-starter-tomcat\2.6.4\spring-boot-starter-tomcat-2.6.4.jar;C:\Users\user\.m2\repository\org\apache\tomcat\embed\tomcat-embed-websocket\9.0.58\tomcat-embed-websocket-9.0.58.jar;C:\Users\user\.m2\repository\org\springframework\spring-web\5.3.16\spring-web-5.3.16.jar;C:\Users\user\.m2\repository\org\springframework\spri
Launcher Type: SUN_STANDARD

[Global flags]
     intx CICompilerCount                          = 3                                         {product} {ergonomic}
     uint ConcGCThreads                            = 1                                         {product} {ergonomic}
     uint G1ConcRefinementThreads                  = 4                                         {product} {ergonomic}
   size_t G1HeapRegionSize                         = 1048576                                   {product} {ergonomic}
    uintx GCDrainStackTargetSize                   = 64                                        {product} {ergonomic}
   size_t InitialHeapSize                          = 67108864                                  {product} {ergonomic}
   size_t MarkStackSize                            = 4194304                                   {product} {ergonomic}
   size_t MaxHeapSize                              = 1056964608                                {product} {ergonomic}
   size_t MaxNewSize                               = 633339904                                 {product} {ergonomic}
   size_t MinHeapDeltaBytes                        = 1048576                                   {product} {ergonomic}
   size_t MinHeapSize                              = 8388608                                   {product} {ergonomic}
    uintx NonNMethodCodeHeapSize                   = 5832780                                {pd product} {ergonomic}
    uintx NonProfiledCodeHeapSize                  = 122912730                              {pd product} {ergonomic}
    uintx ProfiledCodeHeapSize                     = 122912730                              {pd product} {ergonomic}
    uintx ReservedCodeCacheSize                    = 251658240                              {pd product} {ergonomic}
     bool SegmentedCodeCache                       = true                                      {product} {ergonomic}
     bool ShowCodeDetailsInExceptionMessages       = true                                   {manageable} {command line}
   size_t SoftMaxHeapSize                          = 1056964608                             {manageable} {ergonomic}
     bool UseCompressedClassPointers               = true                           {product lp64_product} {ergonomic}
     bool UseCompressedOops                        = true                           {product lp64_product} {ergonomic}
     bool UseG1GC                                  = true                                      {product} {ergonomic}
     bool UseLargePagesIndividualAllocation        = false                                  {pd product} {ergonomic}

Logging:
Log output configuration:
 #0: stdout all=warning uptime,level,tags
 #1: stderr all=off uptime,level,tags

Environment Variables:
JAVA_HOME=C:\Program Files\Eclipse Adoptium\jdk-17.0.1.12-hotspot\
PATH=C:\Program Files\Eclipse Adoptium\jdk-17.0.1.12-hotspot\bin;C:\WINDOWS\system32;C:\WINDOWS;C:\WINDOWS\System32\Wbem;C:\WINDOWS\System32\WindowsPowerShell\v1.0\;C:\WINDOWS\System32\OpenSSH\;C:\Program Files (x86)\AMD\ATI.ACE\Core-Static;C:\Program Files\Git\cmd;C:\Program Files\Microchip\xc8\v2.31\bin;C:\Program Files\nodejs\;C:\Users\user\AppData\Local\Microsoft\WindowsApps;;D:\Program Files\IntelliJ IDEA 2020.2.1\bin;;C:\Users\user\AppData\Local\Programs\Microsoft VS Code\bin;C:\Users\user\AppData\Roaming\npm
USERNAME=user
LANG=ru_RU.UTF-8
OS=Windows_NT
PROCESSOR_IDENTIFIER=Intel64 Family 6 Model 58 Stepping 9, GenuineIntel



---------------  S Y S T E M  ---------------

OS:
 Windows 10 , 64 bit Build 19041 (10.0.19041.1503)
OS uptime: 3 days 1:44 hours

CPU: total 4 (initial active 4) (2 cores per cpu, 2 threads per core) family 6 model 58 stepping 9 microcode 0x21, cx8, cmov, fxsr, ht, mmx, sse, sse2, sse3, ssse3, sse4.1, sse4.2, popcnt, tsc, tscinvbit, avx, aes, erms, clmul, vzeroupper, clflush

Memory: 4k page, system-wide physical 4027M (287M free)
TotalPageFile size 7978M (AvailPageFile size 0M)
current process WorkingSet (physical memory assigned to process): 52M, peak: 52M
current process commit charge ("private bytes"): 144M, peak: 144M

vm_info: OpenJDK 64-Bit Server VM (17.0.1+12) for windows-amd64 JRE (17.0.1+12), built on Oct 20 2021 07:42:55 by "" with MS VC++ 16.7 (VS2019)

END.
