#
# There is insufficient memory for the Java Runtime Environment to continue.
# Native memory allocation (malloc) failed to allocate 1048576 bytes for AllocateHeap
# Possible reasons:
#   The system is out of physical RAM or swap space
#   The process is running with CompressedOops enabled, and the Java Heap may be blocking the growth of the native heap
# Possible solutions:
#   Reduce memory load on the system
#   Increase physical memory or swap space
#   Check if swap backing store is full
#   Decrease Java heap size (-Xmx/-Xms)
#   Decrease number of Java threads
#   Decrease Java thread stack sizes (-Xss)
#   Set larger code cache with -XX:ReservedCodeCacheSize=
#   JVM is running with Unscaled Compressed Oops mode in which the Java heap is
#     placed in the first 4GB address space. The Java Heap base address is the
#     maximum limit for the native heap growth. Please use -XX:HeapBaseMinAddress
#     to set the Java Heap base and to place the Java Heap above 4GB virtual address.
# This output file may be truncated or incomplete.
#
#  Out of Memory Error (allocation.cpp:44), pid=5968, tid=13676
#
# JRE version: OpenJDK Runtime Environment Temurin-17.0.2+8 (17.0.2+8) (build 17.0.2+8)
# Java VM: OpenJDK 64-Bit Server VM Temurin-17.0.2+8 (17.0.2+8, mixed mode, emulated-client, tiered, compressed oops, compressed class ptrs, g1 gc, windows-amd64)
# No core dump will be written. Minidumps are not enabled by default on client versions of Windows
#

---------------  S U M M A R Y ------------

Command Line: -Dsts.lsp.client=vscode -Dsts.log.file=/dev/null -XX:TieredStopAtLevel=1 -Dspring.config.location=file:c:\Users\user\.vscode\extensions\pivotal.vscode-spring-boot-1.33.0\language-server\BOOT-INF\classes\application.properties org.springframework.ide.vscode.boot.app.BootLanguageServerBootApp

Host: Intel(R) Core(TM) i7-3520M CPU @ 2.90GHz, 4 cores, 3G,  Windows 10 , 64 bit Build 19041 (10.0.19041.1645)
Time: Sat May 14 11:09:02 2022  Windows 10 , 64 bit Build 19041 (10.0.19041.1645) elapsed time: 1929.091546 seconds (0d 0h 32m 9s)

---------------  T H R E A D  ---------------

Current thread (0x000001e539e02b50):  VMThread "VM Thread" [stack: 0x0000001643d00000,0x0000001643e00000] [id=13676]

Stack: [0x0000001643d00000,0x0000001643e00000]
Native frames: (J=compiled Java code, j=interpreted, Vv=VM code, C=native code)
V  [jvm.dll+0x67564a]
V  [jvm.dll+0x82fc04]
V  [jvm.dll+0x8313ae]
V  [jvm.dll+0x831a13]
V  [jvm.dll+0x245235]
V  [jvm.dll+0xa6393]
V  [jvm.dll+0x2f5233]
V  [jvm.dll+0x2f0f70]
V  [jvm.dll+0x2d96c7]
V  [jvm.dll+0x31c6b7]
V  [jvm.dll+0x835ebb]
V  [jvm.dll+0x836bf4]
V  [jvm.dll+0x83710c]
V  [jvm.dll+0x8374e4]
V  [jvm.dll+0x8375b0]
V  [jvm.dll+0x7dff2a]
V  [jvm.dll+0x6744d5]
C  [ucrtbase.dll+0x21bb2]
C  [KERNEL32.DLL+0x17034]
C  [ntdll.dll+0x52651]

VM_Operation (0x00000016434fed90): G1CollectFull, mode: safepoint, requested by thread 0x000001e5470c0030


---------------  P R O C E S S  ---------------

Threads class SMR info:
_java_thread_list=0x000001e54731a7b0, length=36, elements={
0x000001e5441d3740, 0x000001e5441d4540, 0x000001e544202820, 0x000001e544208430,
0x000001e544208cf0, 0x000001e5442115c0, 0x000001e544217390, 0x000001e544217c90,
0x000001e544cf45b0, 0x000001e544cf8130, 0x000001e5470c0030, 0x000001e545452740,
0x000001e539d3fa70, 0x000001e5455b7860, 0x000001e5450ab870, 0x000001e547412480,
0x000001e547412950, 0x000001e547362f40, 0x000001e547360450, 0x000001e54735e770,
0x000001e54735f110, 0x000001e54735fab0, 0x000001e547360920, 0x000001e54735e2a0,
0x000001e54735cf60, 0x000001e54735ec40, 0x000001e54735f5e0, 0x000001e5457fe000,
0x000001e5457fe4d0, 0x000001e5457fd190, 0x000001e5457fe9a0, 0x000001e5457fc320,
0x000001e5457fbe50, 0x000001e5457fccc0, 0x000001e5457fd660, 0x000001e5457fdb30
}

Java Threads: ( => current thread )
  0x000001e5441d3740 JavaThread "Reference Handler" daemon [_thread_blocked, id=3860, stack(0x0000001643e00000,0x0000001643f00000)]
  0x000001e5441d4540 JavaThread "Finalizer" daemon [_thread_blocked, id=11916, stack(0x0000001643f00000,0x0000001644000000)]
  0x000001e544202820 JavaThread "Signal Dispatcher" daemon [_thread_blocked, id=8708, stack(0x0000001644000000,0x0000001644100000)]
  0x000001e544208430 JavaThread "Attach Listener" daemon [_thread_blocked, id=5888, stack(0x0000001644100000,0x0000001644200000)]
  0x000001e544208cf0 JavaThread "Service Thread" daemon [_thread_blocked, id=6260, stack(0x0000001644200000,0x0000001644300000)]
  0x000001e5442115c0 JavaThread "Monitor Deflation Thread" daemon [_thread_blocked, id=12064, stack(0x0000001644300000,0x0000001644400000)]
  0x000001e544217390 JavaThread "C1 CompilerThread0" daemon [_thread_blocked, id=13864, stack(0x0000001644400000,0x0000001644500000)]
  0x000001e544217c90 JavaThread "Sweeper thread" daemon [_thread_blocked, id=11480, stack(0x0000001644500000,0x0000001644600000)]
  0x000001e544cf45b0 JavaThread "Notification Thread" daemon [_thread_blocked, id=4092, stack(0x0000001644700000,0x0000001644800000)]
  0x000001e544cf8130 JavaThread "Common-Cleaner" daemon [_thread_blocked, id=10408, stack(0x0000001644900000,0x0000001644a00000)]
  0x000001e5470c0030 JavaThread "pool-7-thread-1" [_thread_blocked, id=8312, stack(0x0000001643400000,0x0000001643500000)]
  0x000001e545452740 JavaThread "LanguageServerApp-lifecycle" [_thread_blocked, id=3200, stack(0x0000001644e00000,0x0000001644f00000)]
  0x000001e539d3fa70 JavaThread "DestroyJavaVM" [_thread_blocked, id=9160, stack(0x0000001643700000,0x0000001643800000)]
  0x000001e5455b7860 JavaThread "pool-8-thread-1" [_thread_in_native, id=12608, stack(0x0000001645000000,0x0000001645100000)]
  0x000001e5450ab870 JavaThread "Simple-Language-Server main thread" daemon [_thread_blocked, id=14004, stack(0x0000001645100000,0x0000001645200000)]
  0x000001e547412480 JavaThread "Reconciler-1" [_thread_blocked, id=10224, stack(0x0000001645200000,0x0000001645300000)]
  0x000001e547412950 JavaThread "pool-5-thread-1" [_thread_blocked, id=14976, stack(0x0000001645300000,0x0000001645400000)]
  0x000001e547362f40 JavaThread "parallel-1" daemon [_thread_blocked, id=200, stack(0x0000001645500000,0x0000001645600000)]
  0x000001e547360450 JavaThread "pool-6-thread-1" [_thread_blocked, id=9756, stack(0x0000001644600000,0x0000001644700000)]
  0x000001e54735e770 JavaThread "pool-6-thread-2" [_thread_blocked, id=16192, stack(0x0000001644d00000,0x0000001644e00000)]
  0x000001e54735f110 JavaThread "pool-6-thread-3" [_thread_blocked, id=15424, stack(0x0000001644f00000,0x0000001645000000)]
  0x000001e54735fab0 JavaThread "pool-6-thread-4" [_thread_blocked, id=8624, stack(0x0000001645400000,0x0000001645500000)]
  0x000001e547360920 JavaThread "pool-6-thread-5" [_thread_blocked, id=13056, stack(0x0000001645600000,0x0000001645700000)]
  0x000001e54735e2a0 JavaThread "pool-6-thread-6" [_thread_blocked, id=15972, stack(0x0000001645700000,0x0000001645800000)]
  0x000001e54735cf60 JavaThread "pool-6-thread-7" [_thread_blocked, id=15928, stack(0x0000001645800000,0x0000001645900000)]
  0x000001e54735ec40 JavaThread "pool-4-thread-1" [_thread_blocked, id=16300, stack(0x0000001643600000,0x0000001643700000)]
  0x000001e54735f5e0 JavaThread "RMI Scheduler(0)" daemon [_thread_blocked, id=16120, stack(0x0000001645b00000,0x0000001645c00000)]
  0x000001e5457fe000 JavaThread "pool-4-thread-2" [_thread_blocked, id=11960, stack(0x0000001645d00000,0x0000001645e00000)]
  0x000001e5457fe4d0 JavaThread "pool-4-thread-3" [_thread_blocked, id=14540, stack(0x0000001645e00000,0x0000001645f00000)]
  0x000001e5457fd190 JavaThread "pool-4-thread-4" [_thread_blocked, id=14500, stack(0x0000001645f00000,0x0000001646000000)]
  0x000001e5457fe9a0 JavaThread "pool-4-thread-5" [_thread_blocked, id=2988, stack(0x0000001646000000,0x0000001646100000)]
  0x000001e5457fc320 JavaThread "pool-4-thread-6" [_thread_blocked, id=11804, stack(0x0000001646100000,0x0000001646200000)]
  0x000001e5457fbe50 JavaThread "pool-4-thread-7" [_thread_blocked, id=15992, stack(0x0000001646200000,0x0000001646300000)]
  0x000001e5457fccc0 JavaThread "pool-4-thread-8" [_thread_blocked, id=15796, stack(0x0000001646300000,0x0000001646400000)]
  0x000001e5457fd660 JavaThread "pool-4-thread-9" [_thread_blocked, id=16312, stack(0x0000001646600000,0x0000001646700000)]
  0x000001e5457fdb30 JavaThread "pool-4-thread-10" [_thread_blocked, id=15540, stack(0x0000001646700000,0x0000001646800000)]

Other Threads:
=>0x000001e539e02b50 VMThread "VM Thread" [stack: 0x0000001643d00000,0x0000001643e00000] [id=13676]
  0x000001e544cf6e90 WatcherThread [stack: 0x0000001644800000,0x0000001644900000] [id=9640]
  0x000001e539d6ebb0 GCTaskThread "GC Thread#0" [stack: 0x0000001643800000,0x0000001643900000] [id=9712]
  0x000001e5453bbed0 GCTaskThread "GC Thread#1" [stack: 0x0000001644a00000,0x0000001644b00000] [id=2080]
  0x000001e5453af860 GCTaskThread "GC Thread#2" [stack: 0x0000001644b00000,0x0000001644c00000] [id=5920]
  0x000001e544c6e840 GCTaskThread "GC Thread#3" [stack: 0x0000001644c00000,0x0000001644d00000] [id=12752]
  0x000001e539d78810 ConcurrentGCThread "G1 Main Marker" [stack: 0x0000001643900000,0x0000001643a00000] [id=9916]
  0x000001e539d7a8e0 ConcurrentGCThread "G1 Conc#0" [stack: 0x0000001643a00000,0x0000001643b00000] [id=5344]
  0x000001e539dcc830 ConcurrentGCThread "G1 Refine#0" [stack: 0x0000001643b00000,0x0000001643c00000] [id=10504]
  0x000001e539dcd160 ConcurrentGCThread "G1 Service" [stack: 0x0000001643c00000,0x0000001643d00000] [id=9812]

Threads with active compile tasks:

VM state: at safepoint (normal execution)

VM Mutex/Monitor currently owned by a thread:  ([mutex/lock_event])
[0x000001e537b779e0] Threads_lock - owner thread: 0x000001e539e02b50
[0x000001e539d3e260] Heap_lock - owner thread: 0x000001e5470c0030

Heap address: 0x00000000c1000000, size: 1008 MB, Compressed Oops mode: 32-bit

CDS archive(s) not mapped
Compressed class space mapped at: 0x0000000100000000-0x0000000140000000, reserved size: 1073741824
Narrow klass base: 0x0000000000000000, Narrow klass shift: 3, Narrow klass range: 0x140000000

GC Precious Log:
 CPUs: 4 total, 4 available
 Memory: 4027M
 Large Page Support: Disabled
 NUMA Support: Disabled
 Compressed Oops: Enabled (32-bit)
 Heap Region Size: 1M
 Heap Min Capacity: 8M
 Heap Initial Capacity: 64M
 Heap Max Capacity: 1008M
 Pre-touch: Disabled
 Parallel Workers: 4
 Concurrent Workers: 1
 Concurrent Refinement Workers: 4
 Periodic GC: Disabled

Heap:
 garbage-first heap   total 37888K, used 10482K [0x00000000c1000000, 0x0000000100000000)
  region size 1024K, 1 young (1024K), 0 survivors (0K)
 Metaspace       used 30925K, committed 31360K, reserved 1081344K
  class space    used 4200K, committed 4352K, reserved 1048576K

Heap Regions: E=young(eden), S=young(survivor), O=old, HS=humongous(starts), HC=humongous(continues), CS=collection set, F=free, OA=open archive, CA=closed archive, TAMS=top-at-mark-start (previous, next)
|   0|0x00000000c1000000, 0x00000000c10ffff8, 0x00000000c1100000| 99%| O|  |TAMS 0x00000000c10ffff8, 0x00000000c1000000| Untracked 
|   1|0x00000000c1100000, 0x00000000c11fe958, 0x00000000c1200000| 99%| O|  |TAMS 0x00000000c11fe958, 0x00000000c1100000| Untracked 
|   2|0x00000000c1200000, 0x00000000c12fffe0, 0x00000000c1300000| 99%| O|  |TAMS 0x00000000c12fffe0, 0x00000000c1200000| Untracked 
|   3|0x00000000c1300000, 0x00000000c1400000, 0x00000000c1400000|100%| O|  |TAMS 0x00000000c1400000, 0x00000000c1300000| Untracked 
|   4|0x00000000c1400000, 0x00000000c14fffe8, 0x00000000c1500000| 99%| O|  |TAMS 0x00000000c14fffe8, 0x00000000c1400000| Untracked 
|   5|0x00000000c1500000, 0x00000000c15ff540, 0x00000000c1600000| 99%| O|  |TAMS 0x00000000c15ff540, 0x00000000c1500000| Untracked 
|   6|0x00000000c1600000, 0x00000000c16ffff8, 0x00000000c1700000| 99%| O|  |TAMS 0x00000000c16ffff8, 0x00000000c1600000| Untracked 
|   7|0x00000000c1700000, 0x00000000c1800000, 0x00000000c1800000|100%| O|  |TAMS 0x00000000c1800000, 0x00000000c1700000| Untracked 
|   8|0x00000000c1800000, 0x00000000c18ffff8, 0x00000000c1900000| 99%| O|  |TAMS 0x00000000c18ffff8, 0x00000000c1800000| Untracked 
|   9|0x00000000c1900000, 0x00000000c19e7880, 0x00000000c1a00000| 90%| O|  |TAMS 0x00000000c1900000, 0x00000000c1900000| Untracked 
|  10|0x00000000c1a00000, 0x00000000c1a57260, 0x00000000c1b00000| 34%| O|  |TAMS 0x00000000c1a00000, 0x00000000c1a00000| Untracked 
|  11|0x00000000c1b00000, 0x00000000c1b00000, 0x00000000c1c00000|  0%| F|  |TAMS 0x00000000c1b00000, 0x00000000c1b00000| Untracked 
|  12|0x00000000c1c00000, 0x00000000c1c00000, 0x00000000c1d00000|  0%| F|  |TAMS 0x00000000c1c00000, 0x00000000c1c00000| Untracked 
|  13|0x00000000c1d00000, 0x00000000c1d00000, 0x00000000c1e00000|  0%| F|  |TAMS 0x00000000c1d00000, 0x00000000c1d00000| Untracked 
|  14|0x00000000c1e00000, 0x00000000c1e00000, 0x00000000c1f00000|  0%| F|  |TAMS 0x00000000c1e00000, 0x00000000c1e00000| Untracked 
|  15|0x00000000c1f00000, 0x00000000c1f00000, 0x00000000c2000000|  0%| F|  |TAMS 0x00000000c1f00000, 0x00000000c1f00000| Untracked 
|  16|0x00000000c2000000, 0x00000000c2000000, 0x00000000c2100000|  0%| F|  |TAMS 0x00000000c2000000, 0x00000000c2000000| Untracked 
|  17|0x00000000c2100000, 0x00000000c2100000, 0x00000000c2200000|  0%| F|  |TAMS 0x00000000c2100000, 0x00000000c2100000| Untracked 
|  18|0x00000000c2200000, 0x00000000c2200000, 0x00000000c2300000|  0%| F|  |TAMS 0x00000000c2200000, 0x00000000c2200000| Untracked 
|  19|0x00000000c2300000, 0x00000000c2300000, 0x00000000c2400000|  0%| F|  |TAMS 0x00000000c2300000, 0x00000000c2300000| Untracked 
|  20|0x00000000c2400000, 0x00000000c2400000, 0x00000000c2500000|  0%| F|  |TAMS 0x00000000c2400000, 0x00000000c2400000| Untracked 
|  21|0x00000000c2500000, 0x00000000c2500000, 0x00000000c2600000|  0%| F|  |TAMS 0x00000000c2500000, 0x00000000c2500000| Untracked 
|  22|0x00000000c2600000, 0x00000000c2600000, 0x00000000c2700000|  0%| F|  |TAMS 0x00000000c2600000, 0x00000000c2600000| Untracked 
|  23|0x00000000c2700000, 0x00000000c2700000, 0x00000000c2800000|  0%| F|  |TAMS 0x00000000c2700000, 0x00000000c2700000| Untracked 
|  24|0x00000000c2800000, 0x00000000c2800000, 0x00000000c2900000|  0%| F|  |TAMS 0x00000000c2800000, 0x00000000c2800000| Untracked 
|  25|0x00000000c2900000, 0x00000000c2900000, 0x00000000c2a00000|  0%| F|  |TAMS 0x00000000c2900000, 0x00000000c2900000| Untracked 
|  26|0x00000000c2a00000, 0x00000000c2a00000, 0x00000000c2b00000|  0%| F|  |TAMS 0x00000000c2a00000, 0x00000000c2a00000| Untracked 
|  27|0x00000000c2b00000, 0x00000000c2b00000, 0x00000000c2c00000|  0%| F|  |TAMS 0x00000000c2b00000, 0x00000000c2b00000| Untracked 
|  28|0x00000000c2c00000, 0x00000000c2c00000, 0x00000000c2d00000|  0%| F|  |TAMS 0x00000000c2c00000, 0x00000000c2c00000| Untracked 
|  29|0x00000000c2d00000, 0x00000000c2d00000, 0x00000000c2e00000|  0%| F|  |TAMS 0x00000000c2d00000, 0x00000000c2d00000| Untracked 
|  30|0x00000000c2e00000, 0x00000000c2e00000, 0x00000000c2f00000|  0%| F|  |TAMS 0x00000000c2e00000, 0x00000000c2e00000| Untracked 
|  31|0x00000000c2f00000, 0x00000000c2f00000, 0x00000000c3000000|  0%| F|  |TAMS 0x00000000c2f00000, 0x00000000c2f00000| Untracked 
|  32|0x00000000c3000000, 0x00000000c3000000, 0x00000000c3100000|  0%| F|  |TAMS 0x00000000c3000000, 0x00000000c3000000| Untracked 
|  33|0x00000000c3100000, 0x00000000c3100000, 0x00000000c3200000|  0%| F|  |TAMS 0x00000000c3100000, 0x00000000c3100000| Untracked 
|  34|0x00000000c3200000, 0x00000000c3200000, 0x00000000c3300000|  0%| F|  |TAMS 0x00000000c3200000, 0x00000000c3200000| Untracked 
|  35|0x00000000c3300000, 0x00000000c3300000, 0x00000000c3400000|  0%| F|  |TAMS 0x00000000c3300000, 0x00000000c3300000| Untracked 
|  36|0x00000000c3400000, 0x00000000c340c858, 0x00000000c3500000|  4%| E|  |TAMS 0x00000000c3400000, 0x00000000c3400000| Complete 

Card table byte_map: [0x000001e53f9d0000,0x000001e53fbd0000] _byte_map_base: 0x000001e53f3c8000

Marking Bits (Prev, Next): (CMBitMap*) 0x000001e539d700e0, (CMBitMap*) 0x000001e539d70120
 Prev Bits: [0x000001e53fdd0000, 0x000001e540d90000)
 Next Bits: [0x000001e540d90000, 0x000001e541d50000)

Polling page: 0x000001e537d20000

Metaspace:

Usage:
  Non-class:     26.10 MB used.
      Class:      4.10 MB used.
       Both:     30.20 MB used.

Virtual space:
  Non-class space:       32.00 MB reserved,      26.38 MB ( 82%) committed,  4 nodes.
      Class space:        1.00 GB reserved,       4.25 MB ( <1%) committed,  1 nodes.
             Both:        1.03 GB reserved,      30.62 MB (  3%) committed. 

Chunk freelists:
   Non-Class:  911.00 KB
       Class:  3.68 MB
        Both:  4.57 MB

MaxMetaspaceSize: unlimited
CompressedClassSpaceSize: 1.00 GB
Initial GC threshold: 21.00 MB
Current GC threshold: 51.06 MB
CDS: off
MetaspaceReclaimPolicy: balanced
 - commit_granule_bytes: 65536.
 - commit_granule_words: 8192.
 - virtual_space_node_default_size: 1048576.
 - enlarge_chunks_in_place: 1.
 - new_chunks_are_fully_committed: 0.
 - uncommit_free_chunks: 1.
 - use_allocation_guard: 0.
 - handle_deallocations: 1.


Internal statistics:

num_allocs_failed_limit: 3.
num_arena_births: 474.
num_arena_deaths: 194.
num_vsnodes_births: 5.
num_vsnodes_deaths: 0.
num_space_committed: 490.
num_space_uncommitted: 0.
num_chunks_returned_to_freelist: 235.
num_chunks_taken_from_freelist: 1380.
num_chunk_merges: 85.
num_chunk_splits: 846.
num_chunks_enlarged: 590.
num_purges: 12.
num_inconsistent_stats: 0.

CodeCache: size=49152Kb used=6382Kb max_used=6870Kb free=42769Kb
 bounds [0x000001e53c9d0000, 0x000001e53d0e0000, 0x000001e53f9d0000]
 total_blobs=3880 nmethods=3376 adapters=430
 compilation: enabled
              stopped_count=0, restarted_count=0
 full_count=0

Compilation events (20 events):
Event: 1799.891 Thread 0x000001e544217390 3368       1       java.lang.Runtime::getRuntime (4 bytes)
Event: 1799.914 Thread 0x000001e544217390 nmethod 3368 0x000001e53cf62b10 code [0x000001e53cf62ca0, 0x000001e53cf62d58]
Event: 1800.143 Thread 0x000001e544217390 3369       1       java.util.concurrent.locks.LockSupport::parkNanos (29 bytes)
Event: 1800.205 Thread 0x000001e544217390 nmethod 3369 0x000001e53cf62710 code [0x000001e53cf628c0, 0x000001e53cf62aa8]
Event: 1830.862 Thread 0x000001e544217390 3371       1       java.util.ArrayList::<init> (61 bytes)
Event: 1830.863 Thread 0x000001e544217390 nmethod 3371 0x000001e53cf61e10 code [0x000001e53cf62000, 0x000001e53cf62558]
Event: 1841.742 Thread 0x000001e544217390 3372   !   1       java.util.concurrent.ThreadPoolExecutor::getTask (177 bytes)
Event: 1841.829 Thread 0x000001e544217390 nmethod 3372 0x000001e53cf61510 code [0x000001e53cf61700, 0x000001e53cf61bb8]
Event: 1883.450 Thread 0x000001e544217390 3373       1       java.io.FileInputStream::<init> (59 bytes)
Event: 1883.482 Thread 0x000001e544217390 nmethod 3373 0x000001e53cf60f10 code [0x000001e53cf610e0, 0x000001e53cf61408]
Event: 1883.482 Thread 0x000001e544217390 3374       1       java.lang.Process$PipeInputStream::<init> (6 bytes)
Event: 1883.482 Thread 0x000001e544217390 nmethod 3374 0x000001e53cf60c10 code [0x000001e53cf60da0, 0x000001e53cf60e88]
Event: 1884.929 Thread 0x000001e544217390 3375       1       java.lang.ProcessImpl::exitValue (28 bytes)
Event: 1884.964 Thread 0x000001e544217390 nmethod 3375 0x000001e53cf60810 code [0x000001e53cf609c0, 0x000001e53cf60b18]
Event: 1884.964 Thread 0x000001e544217390 3378   !   1       com.google.common.io.Closeables::closeQuietly (19 bytes)
Event: 1884.964 Thread 0x000001e544217390 nmethod 3378 0x000001e53cf60410 code [0x000001e53cf605c0, 0x000001e53cf60738]
Event: 1884.964 Thread 0x000001e544217390 3376       1       java.lang.ProcessImpl::getInputStream (5 bytes)
Event: 1884.964 Thread 0x000001e544217390 nmethod 3376 0x000001e53cf60110 code [0x000001e53cf602a0, 0x000001e53cf60378]
Event: 1885.026 Thread 0x000001e544217390 3377       1       java.lang.ProcessImpl::getErrorStream (5 bytes)
Event: 1885.026 Thread 0x000001e544217390 nmethod 3377 0x000001e53cf5fe10 code [0x000001e53cf5ffa0, 0x000001e53cf60078]

GC Heap History (20 events):
Event: 1820.834 GC heap before
{Heap before GC invocations=129 (full 121):
 garbage-first heap   total 37888K, used 10482K [0x00000000c1000000, 0x0000000100000000)
  region size 1024K, 1 young (1024K), 0 survivors (0K)
 Metaspace       used 30925K, committed 31360K, reserved 1081344K
  class space    used 4200K, committed 4352K, reserved 1048576K
}
Event: 1820.855 GC heap after
{Heap after GC invocations=130 (full 122):
 garbage-first heap   total 37888K, used 10482K [0x00000000c1000000, 0x0000000100000000)
  region size 1024K, 0 young (0K), 0 survivors (0K)
 Metaspace       used 30925K, committed 31360K, reserved 1081344K
  class space    used 4200K, committed 4352K, reserved 1048576K
}
Event: 1831.482 GC heap before
{Heap before GC invocations=130 (full 122):
 garbage-first heap   total 37888K, used 10482K [0x00000000c1000000, 0x0000000100000000)
  region size 1024K, 1 young (1024K), 0 survivors (0K)
 Metaspace       used 30925K, committed 31360K, reserved 1081344K
  class space    used 4200K, committed 4352K, reserved 1048576K
}
Event: 1831.503 GC heap after
{Heap after GC invocations=131 (full 123):
 garbage-first heap   total 37888K, used 10482K [0x00000000c1000000, 0x0000000100000000)
  region size 1024K, 0 young (0K), 0 survivors (0K)
 Metaspace       used 30925K, committed 31360K, reserved 1081344K
  class space    used 4200K, committed 4352K, reserved 1048576K
}
Event: 1841.720 GC heap before
{Heap before GC invocations=131 (full 123):
 garbage-first heap   total 37888K, used 10482K [0x00000000c1000000, 0x0000000100000000)
  region size 1024K, 1 young (1024K), 0 survivors (0K)
 Metaspace       used 30925K, committed 31360K, reserved 1081344K
  class space    used 4200K, committed 4352K, reserved 1048576K
}
Event: 1841.742 GC heap after
{Heap after GC invocations=132 (full 124):
 garbage-first heap   total 37888K, used 10482K [0x00000000c1000000, 0x0000000100000000)
  region size 1024K, 0 young (0K), 0 survivors (0K)
 Metaspace       used 30925K, committed 31360K, reserved 1081344K
  class space    used 4200K, committed 4352K, reserved 1048576K
}
Event: 1852.014 GC heap before
{Heap before GC invocations=132 (full 124):
 garbage-first heap   total 37888K, used 10482K [0x00000000c1000000, 0x0000000100000000)
  region size 1024K, 1 young (1024K), 0 survivors (0K)
 Metaspace       used 30925K, committed 31360K, reserved 1081344K
  class space    used 4200K, committed 4352K, reserved 1048576K
}
Event: 1852.035 GC heap after
{Heap after GC invocations=133 (full 125):
 garbage-first heap   total 37888K, used 10482K [0x00000000c1000000, 0x0000000100000000)
  region size 1024K, 0 young (0K), 0 survivors (0K)
 Metaspace       used 30925K, committed 31360K, reserved 1081344K
  class space    used 4200K, committed 4352K, reserved 1048576K
}
Event: 1862.182 GC heap before
{Heap before GC invocations=133 (full 125):
 garbage-first heap   total 37888K, used 10482K [0x00000000c1000000, 0x0000000100000000)
  region size 1024K, 1 young (1024K), 0 survivors (0K)
 Metaspace       used 30925K, committed 31360K, reserved 1081344K
  class space    used 4200K, committed 4352K, reserved 1048576K
}
Event: 1862.204 GC heap after
{Heap after GC invocations=134 (full 126):
 garbage-first heap   total 37888K, used 10482K [0x00000000c1000000, 0x0000000100000000)
  region size 1024K, 0 young (0K), 0 survivors (0K)
 Metaspace       used 30925K, committed 31360K, reserved 1081344K
  class space    used 4200K, committed 4352K, reserved 1048576K
}
Event: 1873.355 GC heap before
{Heap before GC invocations=134 (full 126):
 garbage-first heap   total 37888K, used 10482K [0x00000000c1000000, 0x0000000100000000)
  region size 1024K, 1 young (1024K), 0 survivors (0K)
 Metaspace       used 30925K, committed 31360K, reserved 1081344K
  class space    used 4200K, committed 4352K, reserved 1048576K
}
Event: 1873.381 GC heap after
{Heap after GC invocations=135 (full 127):
 garbage-first heap   total 37888K, used 10482K [0x00000000c1000000, 0x0000000100000000)
  region size 1024K, 0 young (0K), 0 survivors (0K)
 Metaspace       used 30925K, committed 31360K, reserved 1081344K
  class space    used 4200K, committed 4352K, reserved 1048576K
}
Event: 1884.929 GC heap before
{Heap before GC invocations=135 (full 127):
 garbage-first heap   total 37888K, used 10482K [0x00000000c1000000, 0x0000000100000000)
  region size 1024K, 1 young (1024K), 0 survivors (0K)
 Metaspace       used 30925K, committed 31360K, reserved 1081344K
  class space    used 4200K, committed 4352K, reserved 1048576K
}
Event: 1884.951 GC heap after
{Heap after GC invocations=136 (full 128):
 garbage-first heap   total 37888K, used 10482K [0x00000000c1000000, 0x0000000100000000)
  region size 1024K, 0 young (0K), 0 survivors (0K)
 Metaspace       used 30925K, committed 31360K, reserved 1081344K
  class space    used 4200K, committed 4352K, reserved 1048576K
}
Event: 1895.596 GC heap before
{Heap before GC invocations=136 (full 128):
 garbage-first heap   total 37888K, used 10482K [0x00000000c1000000, 0x0000000100000000)
  region size 1024K, 1 young (1024K), 0 survivors (0K)
 Metaspace       used 30925K, committed 31360K, reserved 1081344K
  class space    used 4200K, committed 4352K, reserved 1048576K
}
Event: 1895.616 GC heap after
{Heap after GC invocations=137 (full 129):
 garbage-first heap   total 37888K, used 10482K [0x00000000c1000000, 0x0000000100000000)
  region size 1024K, 0 young (0K), 0 survivors (0K)
 Metaspace       used 30925K, committed 31360K, reserved 1081344K
  class space    used 4200K, committed 4352K, reserved 1048576K
}
Event: 1906.156 GC heap before
{Heap before GC invocations=137 (full 129):
 garbage-first heap   total 37888K, used 10482K [0x00000000c1000000, 0x0000000100000000)
  region size 1024K, 1 young (1024K), 0 survivors (0K)
 Metaspace       used 30925K, committed 31360K, reserved 1081344K
  class space    used 4200K, committed 4352K, reserved 1048576K
}
Event: 1906.182 GC heap after
{Heap after GC invocations=138 (full 130):
 garbage-first heap   total 37888K, used 10482K [0x00000000c1000000, 0x0000000100000000)
  region size 1024K, 0 young (0K), 0 survivors (0K)
 Metaspace       used 30925K, committed 31360K, reserved 1081344K
  class space    used 4200K, committed 4352K, reserved 1048576K
}
Event: 1916.605 GC heap before
{Heap before GC invocations=138 (full 130):
 garbage-first heap   total 37888K, used 10482K [0x00000000c1000000, 0x0000000100000000)
  region size 1024K, 1 young (1024K), 0 survivors (0K)
 Metaspace       used 30925K, committed 31360K, reserved 1081344K
  class space    used 4200K, committed 4352K, reserved 1048576K
}
Event: 1916.628 GC heap after
{Heap after GC invocations=139 (full 131):
 garbage-first heap   total 37888K, used 10482K [0x00000000c1000000, 0x0000000100000000)
  region size 1024K, 0 young (0K), 0 survivors (0K)
 Metaspace       used 30925K, committed 31360K, reserved 1081344K
  class space    used 4200K, committed 4352K, reserved 1048576K
}

Deoptimization events (14 events):
Event: 16.034 Thread 0x000001e539d3fa70 DEOPT PACKING pc=0x000001e53cb0fcf5 sp=0x00000016437fdb90
Event: 16.034 Thread 0x000001e539d3fa70 DEOPT UNPACKING pc=0x000001e53ca22b43 sp=0x00000016437fd000 mode 3
Event: 35.217 Thread 0x000001e539d3fa70 DEOPT PACKING pc=0x000001e53cd0ba99 sp=0x00000016437fd340
Event: 35.217 Thread 0x000001e539d3fa70 DEOPT UNPACKING pc=0x000001e53ca22b43 sp=0x00000016437fc820 mode 3
Event: 43.523 Thread 0x000001e539d3fa70 DEOPT PACKING pc=0x000001e53cee3bf5 sp=0x00000016437fcdf0
Event: 43.523 Thread 0x000001e539d3fa70 DEOPT UNPACKING pc=0x000001e53ca22b43 sp=0x00000016437fc260 mode 3
Event: 65.956 Thread 0x000001e5450ab870 DEOPT PACKING pc=0x000001e53d028735 sp=0x00000016451fd980
Event: 65.956 Thread 0x000001e5450ab870 DEOPT UNPACKING pc=0x000001e53ca22b43 sp=0x00000016451fcea8 mode 3
Event: 726.795 Thread 0x000001e5455b7860 DEOPT PACKING pc=0x000001e53ce09c54 sp=0x00000016450febe0
Event: 726.795 Thread 0x000001e5455b7860 DEOPT UNPACKING pc=0x000001e53ca22b43 sp=0x00000016450fe088 mode 0
Event: 846.312 Thread 0x000001e54735ec40 DEOPT PACKING pc=0x000001e53ccf9681 sp=0x00000016436fe960
Event: 846.312 Thread 0x000001e54735ec40 DEOPT UNPACKING pc=0x000001e53ca22b43 sp=0x00000016436fddf0 mode 3
Event: 846.312 Thread 0x000001e54735ec40 DEOPT PACKING pc=0x000001e53cd0d017 sp=0x00000016436fec00
Event: 846.312 Thread 0x000001e54735ec40 DEOPT UNPACKING pc=0x000001e53ca22b43 sp=0x00000016436fe058 mode 3

Classes unloaded (20 events):
Event: 921.974 Thread 0x000001e539e02b50 Unloading class 0x0000000100407c00 'jdk/internal/reflect/GeneratedSerializationConstructorAccessor3'
Event: 921.974 Thread 0x000001e539e02b50 Unloading class 0x0000000100407800 'jdk/internal/reflect/GeneratedSerializationConstructorAccessor2'
Event: 921.974 Thread 0x000001e539e02b50 Unloading class 0x0000000100407400 'jdk/internal/reflect/GeneratedSerializationConstructorAccessor1'
Event: 921.974 Thread 0x000001e539e02b50 Unloading class 0x0000000100405800 'java/lang/invoke/LambdaForm$MH+0x0000000100405800'
Event: 921.974 Thread 0x000001e539e02b50 Unloading class 0x0000000100405400 'java/lang/invoke/LambdaForm$MH+0x0000000100405400'
Event: 921.974 Thread 0x000001e539e02b50 Unloading class 0x0000000100405000 'java/lang/invoke/LambdaForm$MH+0x0000000100405000'
Event: 921.974 Thread 0x000001e539e02b50 Unloading class 0x0000000100404c00 'java/lang/invoke/LambdaForm$MH+0x0000000100404c00'
Event: 921.974 Thread 0x000001e539e02b50 Unloading class 0x0000000100404800 'java/lang/invoke/LambdaForm$MH+0x0000000100404800'
Event: 921.974 Thread 0x000001e539e02b50 Unloading class 0x0000000100404400 'java/lang/invoke/LambdaForm$MH+0x0000000100404400'
Event: 921.974 Thread 0x000001e539e02b50 Unloading class 0x00000001000ca000 'java/lang/invoke/LambdaForm$MH+0x00000001000ca000'
Event: 921.974 Thread 0x000001e539e02b50 Unloading class 0x00000001000ca800 'java/lang/invoke/LambdaForm$MH+0x00000001000ca800'
Event: 921.974 Thread 0x000001e539e02b50 Unloading class 0x00000001000c8000 'java/lang/invoke/LambdaForm$MH+0x00000001000c8000'
Event: 921.974 Thread 0x000001e539e02b50 Unloading class 0x00000001001dd000 'java/lang/invoke/LambdaForm$MH+0x00000001001dd000'
Event: 921.974 Thread 0x000001e539e02b50 Unloading class 0x00000001001de800 'java/lang/invoke/LambdaForm$MH+0x00000001001de800'
Event: 1075.232 Thread 0x000001e539e02b50 Unloading class 0x000000010040b800 'jdk/internal/reflect/GeneratedSerializationConstructorAccessor7'
Event: 1075.232 Thread 0x000001e539e02b50 Unloading class 0x000000010040b000 'jdk/internal/reflect/GeneratedSerializationConstructorAccessor5'
Event: 1075.232 Thread 0x000001e539e02b50 Unloading class 0x000000010040ac00 'jdk/internal/reflect/GeneratedSerializationConstructorAccessor4'
Event: 1085.439 Thread 0x000001e539e02b50 Unloading class 0x0000000100407400 'java/lang/invoke/LambdaForm$MH+0x0000000100407400'
Event: 1085.439 Thread 0x000001e539e02b50 Unloading class 0x000000010040b400 'java/lang/invoke/LambdaForm$MH+0x000000010040b400'
Event: 1085.439 Thread 0x000001e539e02b50 Unloading class 0x000000010040bc00 'java/lang/invoke/LambdaForm$MH+0x000000010040bc00'

Classes redefined (0 events):
No events

Internal exceptions (20 events):
Event: 65.957 Thread 0x000001e5455b7860 Exception <a 'java/lang/NoSuchMethodError'{0x00000000c2ae6980}: 'java.lang.Object java.lang.invoke.DirectMethodHandle$Holder.invokeStatic(java.lang.Object, java.lang.Object, java.lang.Object, int, java.lang.Object, java.lang.Object)'> (0x00000000c2ae6980) 
thrown [e:\jenkins\tmp\workspace\build\src\src\hotspot\share\interpreter\linkResolver.cpp, line 766]
Event: 67.212 Thread 0x000001e547412480 Exception <a 'java/lang/NoSuchMethodError'{0x00000000c41bafc0}: 'int java.lang.invoke.DirectMethodHandle$Holder.invokeStatic(java.lang.Object)'> (0x00000000c41bafc0) 
thrown [e:\jenkins\tmp\workspace\build\src\src\hotspot\share\interpreter\linkResolver.cpp, line 766]
Event: 67.213 Thread 0x000001e547412480 Exception <a 'java/lang/NoSuchMethodError'{0x00000000c41be470}: 'int java.lang.invoke.DirectMethodHandle$Holder.invokeStaticInit(java.lang.Object)'> (0x00000000c41be470) 
thrown [e:\jenkins\tmp\workspace\build\src\src\hotspot\share\interpreter\linkResolver.cpp, line 766]
Event: 67.302 Thread 0x000001e5455b7860 Exception <a 'java/lang/NoSuchMethodError'{0x00000000c3450400}: 'int java.lang.invoke.DirectMethodHandle$Holder.invokeVirtual(java.lang.Object, java.lang.Object)'> (0x00000000c3450400) 
thrown [e:\jenkins\tmp\workspace\build\src\src\hotspot\share\interpreter\linkResolver.cpp, line 766]
Event: 127.336 Thread 0x000001e5455b7860 Exception <a 'java/lang/NoSuchMethodError'{0x00000000c34b2250}: 'void java.lang.invoke.DirectMethodHandle$Holder.invokeStatic(java.lang.Object, java.lang.Object, java.lang.Object, java.lang.Object, java.lang.Object, java.lang.Object)'> (0x00000000c34b2250) 
thrown [e:\jenkins\tmp\workspace\build\src\src\hotspot\share\interpreter\linkResolver.cpp, line 766]
Event: 168.137 Thread 0x000001e5470c0030 Exception <a 'java/lang/NoSuchMethodError'{0x00000000c332ccc8}: 'void java.lang.invoke.DirectMethodHandle$Holder.invokeStatic(java.lang.Object, long)'> (0x00000000c332ccc8) 
thrown [e:\jenkins\tmp\workspace\build\src\src\hotspot\share\interpreter\linkResolver.cpp, line 766]
Event: 168.138 Thread 0x000001e5470c0030 Exception <a 'java/lang/NoSuchMethodError'{0x00000000c3332070}: 'java.lang.Object java.lang.invoke.DirectMethodHandle$Holder.newInvokeSpecial(java.lang.Object, long)'> (0x00000000c3332070) 
thrown [e:\jenkins\tmp\workspace\build\src\src\hotspot\share\interpreter\linkResolver.cpp, line 766]
Event: 168.142 Thread 0x000001e5470c0030 Exception <a 'java/lang/NoSuchMethodError'{0x00000000c3338c70}: 'java.lang.Object java.lang.invoke.DirectMethodHandle$Holder.invokeStatic(java.lang.Object, java.lang.Object, long, java.lang.Object)'> (0x00000000c3338c70) 
thrown [e:\jenkins\tmp\workspace\build\src\src\hotspot\share\interpreter\linkResolver.cpp, line 766]
Event: 168.142 Thread 0x000001e5470c0030 Exception <a 'java/lang/NoSuchMethodError'{0x00000000c333c708}: 'java.lang.Object java.lang.invoke.DirectMethodHandle$Holder.invokeStaticInit(java.lang.Object, java.lang.Object, long, java.lang.Object)'> (0x00000000c333c708) 
thrown [e:\jenkins\tmp\workspace\build\src\src\hotspot\share\interpreter\linkResolver.cpp, line 766]
Event: 168.143 Thread 0x000001e5470c0030 Exception <a 'java/lang/NoSuchMethodError'{0x00000000c3342a38}: 'java.lang.Object java.lang.invoke.DirectMethodHandle$Holder.newInvokeSpecial(java.lang.Object, java.lang.Object, long)'> (0x00000000c3342a38) 
thrown [e:\jenkins\tmp\workspace\build\src\src\hotspot\share\interpreter\linkResolver.cpp, line 766]
Event: 168.143 Thread 0x000001e5470c0030 Exception <a 'java/lang/NoSuchMethodError'{0x00000000c33465a8}: 'java.lang.Object java.lang.invoke.Invokers$Holder.linkToTargetMethod(java.lang.Object, long, java.lang.Object)'> (0x00000000c33465a8) 
thrown [e:\jenkins\tmp\workspace\build\src\src\hotspot\share\interpreter\linkResolver.cpp, line 766]
Event: 832.358 Thread 0x000001e5455b7860 Exception <a 'java/lang/NoSuchMethodError'{0x00000000c31af960}: 'java.lang.Object java.lang.invoke.DirectMethodHandle$Holder.invokeInterface(java.lang.Object, java.lang.Object, java.lang.Object)'> (0x00000000c31af960) 
thrown [e:\jenkins\tmp\workspace\build\src\src\hotspot\share\interpreter\linkResolver.cpp, line 766]
Event: 842.862 Thread 0x000001e54735ec40 Exception <a 'java/lang/NoSuchMethodError'{0x00000000c2c3c750}: 'int java.lang.invoke.DirectMethodHandle$Holder.invokeSpecialIFC(java.lang.Object, java.lang.Object, java.lang.Object)'> (0x00000000c2c3c750) 
thrown [e:\jenkins\tmp\workspace\build\src\src\hotspot\share\interpreter\linkResolver.cpp, line 766]
Event: 844.719 Thread 0x000001e54735ec40 Exception <a 'java/lang/NoSuchMethodError'{0x00000000c2b18ec0}: static [Ljava/rmi/server/ObjID;.<clinit>()V> (0x00000000c2b18ec0) 
thrown [e:\jenkins\tmp\workspace\build\src\src\hotspot\share\prims\jni.cpp, line 1107]
Event: 844.730 Thread 0x000001e54735ec40 Exception <a 'java/lang/NoSuchMethodError'{0x00000000c2b3b258}: static [B.<clinit>()V> (0x00000000c2b3b258) 
thrown [e:\jenkins\tmp\workspace\build\src\src\hotspot\share\prims\jni.cpp, line 1107]
Event: 844.923 Thread 0x000001e54735d430 Exception <a 'java/lang/InterruptedException'{0x00000000c2b73c58}> (0x00000000c2b73c58) 
thrown [e:\jenkins\tmp\workspace\build\src\src\hotspot\share\runtime\objectMonitor.cpp, line 1661]
Event: 844.924 Thread 0x000001e54735d430 Exception <a 'java/lang/NoSuchMethodError'{0x00000000c2b7c400}: 'java.lang.Object java.lang.invoke.DirectMethodHandle$Holder.newInvokeSpecial(java.lang.Object, java.lang.Object, int, java.lang.Object, long)'> (0x00000000c2b7c400) 
thrown [e:\jenkins\tmp\workspace\build\src\src\hotspot\share\interpreter\linkResolver.cpp, line 766]
Event: 846.202 Thread 0x000001e54735ec40 Exception <a 'java/lang/NoSuchMethodError'{0x00000000c2aa1140}: static [Ljava/lang/String;.<clinit>()V> (0x00000000c2aa1140) 
thrown [e:\jenkins\tmp\workspace\build\src\src\hotspot\share\prims\jni.cpp, line 1107]
Event: 877.637 Thread 0x000001e5457fe000 Exception <a 'java/lang/NoSuchMethodError'{0x00000000c2766c08}: 'java.lang.Object java.lang.invoke.DirectMethodHandle$Holder.newInvokeSpecial(java.lang.Object, java.lang.Object, java.lang.Object, java.lang.Object, java.lang.Object, int, java.lang.Object)'> (0x00000000c2766c08) 
thrown [e:\jenkins\tmp\workspace\build\src\src\hotspot\share\interpreter\linkResolver.cpp, line 766]
Event: 877.639 Thread 0x000001e54735ddd0 Exception <a 'java/lang/InterruptedException'{0x00000000c28eebd0}: sleep interrupted> (0x00000000c28eebd0) 
thrown [e:\jenkins\tmp\workspace\build\src\src\hotspot\share\prims\jvm.cpp, line 3067]

VM Operations (20 events):
Event: 1831.503 Executing VM operation: G1CollectFull done
Event: 1841.720 Executing VM operation: G1CollectFull
Event: 1841.742 Executing VM operation: G1CollectFull done
Event: 1852.014 Executing VM operation: G1CollectFull
Event: 1852.035 Executing VM operation: G1CollectFull done
Event: 1853.040 Executing VM operation: Cleanup
Event: 1853.040 Executing VM operation: Cleanup done
Event: 1862.182 Executing VM operation: G1CollectFull
Event: 1862.204 Executing VM operation: G1CollectFull done
Event: 1873.355 Executing VM operation: G1CollectFull
Event: 1873.381 Executing VM operation: G1CollectFull done
Event: 1884.929 Executing VM operation: G1CollectFull
Event: 1884.952 Executing VM operation: G1CollectFull done
Event: 1895.596 Executing VM operation: G1CollectFull
Event: 1895.616 Executing VM operation: G1CollectFull done
Event: 1906.156 Executing VM operation: G1CollectFull
Event: 1906.182 Executing VM operation: G1CollectFull done
Event: 1916.605 Executing VM operation: G1CollectFull
Event: 1916.628 Executing VM operation: G1CollectFull done
Event: 1927.842 Executing VM operation: G1CollectFull

Events (20 events):
Event: 859.924 loading class java/util/ArrayList$ListItr done
Event: 861.601 Thread 0x000001e5457fccc0 Thread added: 0x000001e5457fccc0
Event: 864.810 Thread 0x000001e5457fd660 Thread added: 0x000001e5457fd660
Event: 868.492 Thread 0x000001e5457fdb30 Thread added: 0x000001e5457fdb30
Event: 877.638 loading class javax/management/NotificationBroadcasterSupport$WildcardListenerInfo
Event: 877.638 loading class javax/management/NotificationBroadcasterSupport$WildcardListenerInfo done
Event: 877.639 Thread 0x000001e54735ddd0 Thread exited: 0x000001e54735ddd0
Event: 911.808 loading class sun/rmi/transport/DGCClient$EndpointEntry$CleanRequest
Event: 911.808 Thread 0x000001e54735d900 Thread exited: 0x000001e54735d900
Event: 911.808 loading class sun/rmi/transport/DGCClient$EndpointEntry$CleanRequest done
Event: 911.842 Thread 0x000001e54735d430 Thread exited: 0x000001e54735d430
Event: 918.188 Thread 0x000001e54735ff80 Thread exited: 0x000001e54735ff80
Event: 941.983 Thread 0x000001e5457fafe0 Thread added: 0x000001e5457fafe0
Event: 1017.972 Thread 0x000001e5453b76e0 Thread added: 0x000001e5453b76e0
Event: 1017.973 loading class java/net/URLDecoder
Event: 1017.986 loading class java/net/URLDecoder done
Event: 1017.986 loading class java/net/URLEncoder
Event: 1017.986 loading class java/net/URLEncoder done
Event: 1020.566 Thread 0x000001e5453b76e0 Thread exited: 0x000001e5453b76e0
Event: 1151.246 Thread 0x000001e5457fafe0 Thread exited: 0x000001e5457fafe0


Dynamic libraries:
0x00007ff703b50000 - 0x00007ff703b5e000 	c:\Users\user\.vscode\extensions\redhat.java-1.6.0-win32-x64\jre\17.0.2-win32-x86_64\bin\java.exe
0x00007ffcaa270000 - 0x00007ffcaa465000 	C:\WINDOWS\SYSTEM32\ntdll.dll
0x00007ffca8510000 - 0x00007ffca85ce000 	C:\WINDOWS\System32\KERNEL32.DLL
0x00007ffca7a40000 - 0x00007ffca7d08000 	C:\WINDOWS\System32\KERNELBASE.dll
0x00007ffca7d80000 - 0x00007ffca7e80000 	C:\WINDOWS\System32\ucrtbase.dll
0x00007ffc82c10000 - 0x00007ffc82c28000 	c:\Users\user\.vscode\extensions\redhat.java-1.6.0-win32-x64\jre\17.0.2-win32-x86_64\bin\jli.dll
0x00007ffc82b50000 - 0x00007ffc82b69000 	c:\Users\user\.vscode\extensions\redhat.java-1.6.0-win32-x64\jre\17.0.2-win32-x86_64\bin\VCRUNTIME140.dll
0x00007ffcaa060000 - 0x00007ffcaa200000 	C:\WINDOWS\System32\USER32.dll
0x00007ffca8190000 - 0x00007ffca81b2000 	C:\WINDOWS\System32\win32u.dll
0x00007ffc87d80000 - 0x00007ffc8801a000 	C:\WINDOWS\WinSxS\amd64_microsoft.windows.common-controls_6595b64144ccf1df_6.0.19041.1110_none_60b5254171f9507e\COMCTL32.dll
0x00007ffca9e10000 - 0x00007ffca9e3a000 	C:\WINDOWS\System32\GDI32.dll
0x00007ffca9750000 - 0x00007ffca97ee000 	C:\WINDOWS\System32\msvcrt.dll
0x00007ffca81c0000 - 0x00007ffca82cb000 	C:\WINDOWS\System32\gdi32full.dll
0x00007ffca7e80000 - 0x00007ffca7f1d000 	C:\WINDOWS\System32\msvcp_win.dll
0x00007ffcaa200000 - 0x00007ffcaa230000 	C:\WINDOWS\System32\IMM32.DLL
0x00007ffca1b10000 - 0x00007ffca1b1c000 	c:\Users\user\.vscode\extensions\redhat.java-1.6.0-win32-x64\jre\17.0.2-win32-x86_64\bin\vcruntime140_1.dll
0x00007ffc6c9d0000 - 0x00007ffc6ca61000 	c:\Users\user\.vscode\extensions\redhat.java-1.6.0-win32-x64\jre\17.0.2-win32-x86_64\bin\msvcp140.dll
0x00007ffc3e670000 - 0x00007ffc3f2b7000 	c:\Users\user\.vscode\extensions\redhat.java-1.6.0-win32-x64\jre\17.0.2-win32-x86_64\bin\server\jvm.dll
0x00007ffca8940000 - 0x00007ffca89ee000 	C:\WINDOWS\System32\ADVAPI32.dll
0x00007ffca8e60000 - 0x00007ffca8efc000 	C:\WINDOWS\System32\sechost.dll
0x00007ffca87b0000 - 0x00007ffca88d5000 	C:\WINDOWS\System32\RPCRT4.dll
0x00007ffca8f00000 - 0x00007ffca8f08000 	C:\WINDOWS\System32\PSAPI.DLL
0x00007ffc8c650000 - 0x00007ffc8c677000 	C:\WINDOWS\SYSTEM32\WINMM.dll
0x00007ffc85370000 - 0x00007ffc85379000 	C:\WINDOWS\SYSTEM32\WSOCK32.dll
0x00007ffc9f410000 - 0x00007ffc9f41a000 	C:\WINDOWS\SYSTEM32\VERSION.dll
0x00007ffca9ff0000 - 0x00007ffcaa05b000 	C:\WINDOWS\System32\WS2_32.dll
0x00007ffca64e0000 - 0x00007ffca64f2000 	C:\WINDOWS\SYSTEM32\kernel.appcore.dll
0x00007ffca1ad0000 - 0x00007ffca1ada000 	c:\Users\user\.vscode\extensions\redhat.java-1.6.0-win32-x64\jre\17.0.2-win32-x86_64\bin\jimage.dll
0x00007ffc9f720000 - 0x00007ffc9f904000 	C:\WINDOWS\SYSTEM32\DBGHELP.DLL
0x00007ffc9f5d0000 - 0x00007ffc9f5fc000 	C:\WINDOWS\SYSTEM32\dbgcore.DLL
0x00007ffca7f20000 - 0x00007ffca7fa2000 	C:\WINDOWS\System32\bcryptPrimitives.dll
0x00007ffc7ec00000 - 0x00007ffc7ec25000 	c:\Users\user\.vscode\extensions\redhat.java-1.6.0-win32-x64\jre\17.0.2-win32-x86_64\bin\java.dll
0x00007ffc81ba0000 - 0x00007ffc81bb8000 	c:\Users\user\.vscode\extensions\redhat.java-1.6.0-win32-x64\jre\17.0.2-win32-x86_64\bin\zip.dll
0x00007ffca8f10000 - 0x00007ffca9654000 	C:\WINDOWS\System32\SHELL32.dll
0x00007ffca5920000 - 0x00007ffca60b4000 	C:\WINDOWS\SYSTEM32\windows.storage.dll
0x00007ffca9a00000 - 0x00007ffca9d54000 	C:\WINDOWS\System32\combase.dll
0x00007ffca7330000 - 0x00007ffca735c000 	C:\WINDOWS\SYSTEM32\Wldp.dll
0x00007ffca9d60000 - 0x00007ffca9e0d000 	C:\WINDOWS\System32\SHCORE.dll
0x00007ffca96f0000 - 0x00007ffca9745000 	C:\WINDOWS\System32\shlwapi.dll
0x00007ffca78d0000 - 0x00007ffca78ef000 	C:\WINDOWS\SYSTEM32\profapi.dll
0x00007ffc82c70000 - 0x00007ffc82c89000 	C:\Users\user\.vscode\extensions\redhat.java-1.6.0-win32-x64\jre\17.0.2-win32-x86_64\bin\net.dll
0x00007ffc9fd70000 - 0x00007ffc9fe7a000 	C:\WINDOWS\SYSTEM32\WINHTTP.dll
0x00007ffca7090000 - 0x00007ffca70fa000 	C:\WINDOWS\system32\mswsock.dll
0x00007ffc80530000 - 0x00007ffc80545000 	C:\Users\user\.vscode\extensions\redhat.java-1.6.0-win32-x64\jre\17.0.2-win32-x86_64\bin\nio.dll
0x00007ffc8b1c0000 - 0x00007ffc8b1d0000 	c:\Users\user\.vscode\extensions\redhat.java-1.6.0-win32-x64\jre\17.0.2-win32-x86_64\bin\verify.dll
0x00007ffca4440000 - 0x00007ffca4449000 	C:\Users\user\.vscode\extensions\redhat.java-1.6.0-win32-x64\jre\17.0.2-win32-x86_64\bin\management.dll
0x00007ffca43f0000 - 0x00007ffca43fb000 	C:\Users\user\.vscode\extensions\redhat.java-1.6.0-win32-x64\jre\17.0.2-win32-x86_64\bin\management_ext.dll
0x00007ffc84070000 - 0x00007ffc84087000 	C:\WINDOWS\system32\napinsp.dll
0x00007ffc826e0000 - 0x00007ffc826fb000 	C:\WINDOWS\system32\pnrpnsp.dll
0x00007ffca0f00000 - 0x00007ffca0f15000 	C:\WINDOWS\system32\wshbth.dll
0x00007ffca4330000 - 0x00007ffca434d000 	C:\WINDOWS\system32\NLAapi.dll
0x00007ffca6d80000 - 0x00007ffca6dbb000 	C:\WINDOWS\SYSTEM32\IPHLPAPI.DLL
0x00007ffca6dc0000 - 0x00007ffca6e8b000 	C:\WINDOWS\SYSTEM32\DNSAPI.dll
0x00007ffca99f0000 - 0x00007ffca99f8000 	C:\WINDOWS\System32\NSI.dll
0x00007ffc826c0000 - 0x00007ffc826d2000 	C:\WINDOWS\System32\winrnr.dll
0x0000000068950000 - 0x0000000068976000 	C:\Program Files\Bonjour\mdnsNSP.dll
0x00007ffc8c9e0000 - 0x00007ffc8c9ea000 	C:\Windows\System32\rasadhlp.dll
0x00007ffca02d0000 - 0x00007ffca034f000 	C:\WINDOWS\System32\fwpuclnt.dll
0x00007ffca8110000 - 0x00007ffca8137000 	C:\WINDOWS\System32\bcrypt.dll
0x00007ffca7280000 - 0x00007ffca7298000 	C:\WINDOWS\SYSTEM32\CRYPTSP.dll
0x00007ffca6a10000 - 0x00007ffca6a44000 	C:\WINDOWS\system32\rsaenh.dll
0x00007ffca7850000 - 0x00007ffca787e000 	C:\WINDOWS\SYSTEM32\USERENV.dll
0x00007ffca72a0000 - 0x00007ffca72ac000 	C:\WINDOWS\SYSTEM32\CRYPTBASE.dll
0x00007ffc9ed10000 - 0x00007ffc9ed27000 	C:\WINDOWS\SYSTEM32\dhcpcsvc6.DLL
0x00007ffc9f430000 - 0x00007ffc9f44d000 	C:\WINDOWS\SYSTEM32\dhcpcsvc.DLL
0x00007ffc8aea0000 - 0x00007ffc8aea9000 	C:\Users\user\.vscode\extensions\redhat.java-1.6.0-win32-x64\jre\17.0.2-win32-x86_64\bin\attach.dll
0x00007ffc82d10000 - 0x00007ffc82d17000 	C:\Users\user\.vscode\extensions\redhat.java-1.6.0-win32-x64\jre\17.0.2-win32-x86_64\bin\rmi.dll

dbghelp: loaded successfully - version: 4.0.5 - missing functions: none
symbol engine: initialized successfully - sym options: 0x614 - pdb path: .;c:\Users\user\.vscode\extensions\redhat.java-1.6.0-win32-x64\jre\17.0.2-win32-x86_64\bin;C:\WINDOWS\SYSTEM32;C:\WINDOWS\WinSxS\amd64_microsoft.windows.common-controls_6595b64144ccf1df_6.0.19041.1110_none_60b5254171f9507e;c:\Users\user\.vscode\extensions\redhat.java-1.6.0-win32-x64\jre\17.0.2-win32-x86_64\bin\server;C:\Program Files\Bonjour

VM Arguments:
jvm_args: -Dsts.lsp.client=vscode -Dsts.log.file=/dev/null -XX:TieredStopAtLevel=1 -Dspring.config.location=file:c:\Users\user\.vscode\extensions\pivotal.vscode-spring-boot-1.33.0\language-server\BOOT-INF\classes\application.properties 
java_command: org.springframework.ide.vscode.boot.app.BootLanguageServerBootApp
java_class_path (initial): c:\Users\user\.vscode\extensions\pivotal.vscode-spring-boot-1.33.0\language-server\BOOT-INF\classes;c:\Users\user\.vscode\extensions\pivotal.vscode-spring-boot-1.33.0\language-server\BOOT-INF\lib\antlr4-runtime-4.5.3.jar;c:\Users\user\.vscode\extensions\pivotal.vscode-spring-boot-1.33.0\language-server\BOOT-INF\lib\byte-buddy-1.10.18.jar;c:\Users\user\.vscode\extensions\pivotal.vscode-spring-boot-1.33.0\language-server\BOOT-INF\lib\commons-codec-1.14.jar;c:\Users\user\.vscode\extensions\pivotal.vscode-spring-boot-1.33.0\language-server\BOOT-INF\lib\commons-io-2.4.jar;c:\Users\user\.vscode\extensions\pivotal.vscode-spring-boot-1.33.0\language-server\BOOT-INF\lib\commons-java-1.33.0-SNAPSHOT.jar;c:\Users\user\.vscode\extensions\pivotal.vscode-spring-boot-1.33.0\language-server\BOOT-INF\lib\commons-lang3-3.10.jar;c:\Users\user\.vscode\extensions\pivotal.vscode-spring-boot-1.33.0\language-server\BOOT-INF\lib\commons-language-server-1.33.0-SNAPSHOT.jar;c:\Users\user\.vscode\extensions\pivotal.vscode-spring-boot-1.33.0\language-server\BOOT-INF\lib\commons-lsp-extensions-1.33.0-SNAPSHOT.jar;c:\Users\user\.vscode\extensions\pivotal.vscode-spring-boot-1.33.0\language-server\BOOT-INF\lib\commons-util-1.33.0-SNAPSHOT.jar;c:\Users\user\.vscode\extensions\pivotal.vscode-spring-boot-1.33.0\language-server\BOOT-INF\lib\commons-yaml-1.33.0-SNAPSHOT.jar;c:\Users\user\.vscode\extensions\pivotal.vscode-spring-boot-1.33.0\language-server\BOOT-INF\lib\gson-2.8.6.jar;c:\Users\user\.vscode\extensions\pivotal.vscode-spring-boot-1.33.0\language-server\BOOT-INF\lib\guava-19.0.jar;c:\Users\user\.vscode\extensions\pivotal.vscode-spring-boot-1.33.0\language-server\BOOT-INF\lib\jakarta.annotation-api-1.3.5.jar;c:\Users\user\.vscode\extensions\pivotal.vscode-spring-boot-1.33.0\language-server\BOOT-INF\lib\jandex-2.0.5.Final.jar;c:\Users\user\.vscode\extensions\pivotal.vscode-spring-boot-1.33.0\language-server\BOOT-INF\lib\java-properties-1.33.0-SNAPSHOT.jar;c:\Users\u
Launcher Type: SUN_STANDARD

[Global flags]
     intx CICompilerCount                          = 3                                         {product} {ergonomic}
     uint ConcGCThreads                            = 1                                         {product} {ergonomic}
     uint G1ConcRefinementThreads                  = 4                                         {product} {ergonomic}
   size_t G1HeapRegionSize                         = 1048576                                   {product} {ergonomic}
    uintx GCDrainStackTargetSize                   = 64                                        {product} {ergonomic}
   size_t InitialHeapSize                          = 67108864                                  {product} {ergonomic}
   size_t MarkStackSize                            = 4194304                                   {product} {ergonomic}
   size_t MaxHeapSize                              = 1056964608                                {product} {ergonomic}
   size_t MaxNewSize                               = 633339904                                 {product} {ergonomic}
   size_t MinHeapDeltaBytes                        = 1048576                                   {product} {ergonomic}
   size_t MinHeapSize                              = 8388608                                   {product} {ergonomic}
    uintx NonProfiledCodeHeapSize                  = 0                                      {pd product} {ergonomic}
     bool ProfileInterpreter                       = false                                  {pd product} {command line}
    uintx ProfiledCodeHeapSize                     = 0                                      {pd product} {ergonomic}
   size_t SoftMaxHeapSize                          = 1056964608                             {manageable} {ergonomic}
     intx TieredStopAtLevel                        = 1                                         {product} {command line}
     bool UseCompressedClassPointers               = true                           {product lp64_product} {ergonomic}
     bool UseCompressedOops                        = true                           {product lp64_product} {ergonomic}
     bool UseG1GC                                  = true                                      {product} {ergonomic}
     bool UseLargePagesIndividualAllocation        = false                                  {pd product} {ergonomic}

Logging:
Log output configuration:
 #0: stdout all=warning uptime,level,tags
 #1: stderr all=off uptime,level,tags

Environment Variables:
JAVA_HOME=C:\Program Files\Eclipse Adoptium\jdk-17.0.1.12-hotspot\
PATH=C:\Program Files\Eclipse Adoptium\jdk-17.0.1.12-hotspot\bin;C:\WINDOWS\system32;C:\WINDOWS;C:\WINDOWS\System32\Wbem;C:\WINDOWS\System32\WindowsPowerShell\v1.0\;C:\WINDOWS\System32\OpenSSH\;C:\Program Files (x86)\AMD\ATI.ACE\Core-Static;C:\Program Files\Git\cmd;C:\Program Files\Microchip\xc8\v2.31\bin;C:\Program Files\nodejs\;C:\Program Files\TortoiseSVN\bin;C:\Users\user\AppData\Local\Microsoft\WindowsApps;;D:\Program Files\IntelliJ IDEA 2020.2.1\bin;;C:\Users\user\AppData\Local\Programs\Microsoft VS Code\bin;C:\Users\user\AppData\Roaming\npm
USERNAME=user
OS=Windows_NT
PROCESSOR_IDENTIFIER=Intel64 Family 6 Model 58 Stepping 9, GenuineIntel



---------------  S Y S T E M  ---------------

OS:
 Windows 10 , 64 bit Build 19041 (10.0.19041.1645)
OS uptime: 8 days 12:02 hours

CPU: total 4 (initial active 4) (2 cores per cpu, 2 threads per core) family 6 model 58 stepping 9 microcode 0x21, cx8, cmov, fxsr, ht, mmx, sse, sse2, sse3, ssse3, sse4.1, sse4.2, popcnt, tsc, tscinvbit, avx, aes, erms, clmul, vzeroupper, clflush

Memory: 4k page, system-wide physical 4027M (512M free)
TotalPageFile size 8417M (AvailPageFile size 92M)
current process WorkingSet (physical memory assigned to process): 36M, peak: 114M
current process commit charge ("private bytes"): 145M, peak: 152M

vm_info: OpenJDK 64-Bit Server VM (17.0.2+8) for windows-amd64 JRE (17.0.2+8), built on Jan 20 2022 04:52:34 by "" with MS VC++ 16.7 (VS2019)

END.
